TN:
SF:src\core\server.ts
FN:1,__name
FN:1,__export
FN:1,__copyProps
FN:1,get
FN:1,__toESM
FN:1,__toCommonJS
FN:1,createServer
FN:30,startLicenseRevalidationScheduler
FN:40,requireActivation
FN:58,page
FN:67,createServer
FNF:11
FNH:11
FNDA:5,__name
FNDA:1,__export
FNDA:18,__copyProps
FNDA:13,get
FNDA:17,__toESM
FNDA:1,__toCommonJS
FNDA:1,createServer
FNDA:1,startLicenseRevalidationScheduler
FNDA:15,requireActivation
FNDA:8,page
FNDA:1,createServer
DA:1,1
DA:2,1
DA:3,1
DA:4,1
DA:5,1
DA:6,1
DA:7,1
DA:8,1
DA:9,1
DA:10,1
DA:11,1
DA:12,1
DA:13,1
DA:14,1
DA:15,1
DA:16,1
DA:17,1
DA:18,1
DA:19,1
DA:20,1
DA:21,1
DA:22,1
DA:23,1
DA:24,1
DA:25,1
DA:26,1
DA:27,1
DA:28,1
DA:29,1
DA:30,1
DA:31,1
DA:32,0
DA:33,0
DA:34,1
DA:35,1
DA:36,1
DA:37,1
DA:38,1
DA:39,1
DA:40,15
DA:41,15
DA:42,15
DA:43,15
DA:44,15
DA:45,15
DA:46,0
DA:47,0
DA:48,0
DA:49,0
DA:50,15
DA:51,1
DA:52,1
DA:53,1
DA:54,1
DA:55,1
DA:56,1
DA:57,1
DA:58,8
DA:59,8
DA:60,0
DA:61,0
DA:62,0
DA:63,0
DA:64,8
DA:65,1
DA:66,1
DA:67,1
DA:68,1
DA:69,1
DA:70,1
DA:71,1
DA:72,1
DA:73,1
DA:74,1
DA:75,1
DA:76,1
DA:77,1
DA:78,1
DA:79,1
DA:80,1
DA:81,1
DA:82,1
DA:83,1
DA:84,1
DA:85,1
DA:86,1
DA:87,1
DA:88,1
DA:89,1
DA:90,1
DA:91,1
DA:92,1
DA:93,1
DA:94,1
DA:95,1
DA:96,1
DA:97,1
DA:98,1
DA:99,1
DA:100,1
DA:101,1
DA:102,1
DA:103,0
DA:104,1
DA:105,1
DA:106,1
DA:107,1
DA:108,1
DA:109,1
DA:110,1
DA:111,1
DA:112,1
DA:113,1
DA:114,0
DA:115,1
DA:116,1
DA:117,1
DA:118,1
DA:119,1
DA:120,1
DA:121,1
DA:122,1
DA:123,1
DA:124,1
DA:125,1
DA:126,1
DA:127,1
DA:128,1
DA:129,1
DA:130,1
DA:131,1
DA:132,1
DA:133,1
DA:134,1
DA:135,1
DA:136,1
DA:137,1
DA:138,1
DA:139,1
DA:140,1
DA:141,1
DA:142,1
DA:143,1
DA:144,1
DA:145,1
DA:146,1
DA:147,1
DA:148,1
DA:149,1
DA:150,1
DA:151,1
DA:152,1
DA:153,1
DA:154,1
DA:155,1
DA:156,1
DA:157,1
DA:158,1
DA:159,1
DA:160,1
DA:161,1
DA:162,0
DA:163,0
DA:164,1
DA:165,1
DA:166,1
DA:167,1
LF:167
LH:153
BRDA:67,0,0,0
BRDA:1,1,0,5
BRDA:1,2,0,1
BRDA:1,3,0,18
BRDA:1,4,0,3
BRDA:1,5,0,215
BRDA:1,6,0,213
BRDA:1,7,0,213
BRDA:1,8,0,13
BRDA:1,9,0,17
BRDA:1,10,0,0
BRDA:1,11,0,5
BRDA:1,12,0,12
BRDA:1,13,0,1
BRDA:1,14,0,1
BRDA:30,15,0,1
BRDA:40,16,0,15
BRDA:45,17,0,0
BRDA:58,18,0,8
BRDA:67,19,0,1
BRDA:145,20,0,7
BRDA:145,21,0,7
BRF:22
BRH:19
end_of_record
TN:
SF:src\core\audit\routes.ts
FN:1,__export
FN:1,__copyProps
FN:1,get
FN:1,__toCommonJS
FN:1,default
FNF:5
FNH:5
FNDA:1,__export
FNDA:1,__copyProps
FNDA:1,get
FNDA:1,__toCommonJS
FNDA:1,default
DA:1,1
DA:2,1
DA:3,1
DA:4,1
DA:5,1
DA:6,1
DA:7,1
DA:8,0
DA:9,0
DA:10,0
DA:11,0
DA:12,0
DA:13,0
DA:14,0
DA:15,0
DA:16,1
DA:17,1
DA:18,1
LF:18
LH:10
BRDA:1,0,0,1
BRDA:1,1,0,1
BRDA:1,2,0,0
BRDA:1,3,0,1
BRDA:1,4,0,1
BRDA:1,5,0,1
BRF:6
BRH:5
end_of_record
TN:
SF:src\core\audit\service.ts
FN:1,__name
FN:1,__export
FN:1,__copyProps
FN:1,get
FN:1,__toESM
FN:1,__toCommonJS
FN:1,audit
FN:6,audit
FNF:8
FNH:8
FNDA:1,__name
FNDA:1,__export
FNDA:2,__copyProps
FNDA:13,get
FNDA:1,__toESM
FNDA:1,__toCommonJS
FNDA:13,audit
FNDA:13,audit
DA:1,1
DA:2,1
DA:3,1
DA:4,1
DA:5,1
DA:6,1
DA:7,13
DA:8,13
DA:9,13
DA:10,13
DA:11,13
DA:12,13
DA:13,13
DA:14,13
DA:15,13
DA:16,13
DA:17,13
DA:18,13
DA:19,13
DA:20,13
DA:21,13
DA:22,13
DA:23,13
DA:24,13
DA:25,13
DA:26,13
DA:27,13
DA:28,13
LF:28
LH:28
BRDA:15,0,0,0
BRDA:1,1,0,1
BRDA:1,2,0,1
BRDA:1,3,0,2
BRDA:1,4,0,0
BRDA:1,5,0,24
BRDA:1,6,0,13
BRDA:1,7,0,1
BRDA:1,8,0,0
BRDA:1,9,0,0
BRDA:1,10,0,1
BRDA:1,11,0,13
BRDA:6,12,0,13
BRDA:17,13,0,0
BRDA:18,14,0,0
BRDA:21,15,0,0
BRDA:22,16,0,5
BRDA:22,17,0,8
BRDA:23,18,0,12
BRDA:23,19,0,1
BRDA:24,20,0,0
BRF:21
BRH:13
end_of_record
TN:
SF:src\core\auth\middleware.ts
FN:1,__name
FN:1,__export
FN:1,__copyProps
FN:1,get
FN:1,__toCommonJS
FN:1,SESSION_COOKIE
FN:1,attachUser
FN:1,requireAuth
FN:12,tokenFromRequest
FN:19,attachUser
FN:29,requireAuth
FNF:11
FNH:11
FNDA:3,__name
FNDA:1,__export
FNDA:1,__copyProps
FNDA:21,get
FNDA:1,__toCommonJS
FNDA:1,SESSION_COOKIE
FNDA:1,attachUser
FNDA:19,requireAuth
FNDA:15,tokenFromRequest
FNDA:15,attachUser
FNDA:14,requireAuth
DA:1,19
DA:2,1
DA:3,1
DA:4,1
DA:5,1
DA:6,1
DA:7,1
DA:8,1
DA:9,1
DA:10,1
DA:11,1
DA:12,15
DA:13,15
DA:14,15
DA:15,15
DA:16,15
DA:17,1
DA:18,1
DA:19,1
DA:20,15
DA:21,15
DA:22,14
DA:23,14
DA:24,14
DA:25,15
DA:26,15
DA:27,1
DA:28,1
DA:29,1
DA:30,14
DA:31,14
DA:32,0
DA:33,0
DA:34,0
DA:35,0
DA:36,14
LF:36
LH:32
BRDA:29,0,0,0
BRDA:1,1,0,3
BRDA:1,2,0,1
BRDA:1,3,0,3
BRDA:1,4,0,1
BRDA:1,5,0,0
BRDA:1,6,0,3
BRDA:1,7,0,21
BRDA:1,8,0,1
BRDA:1,9,0,1
BRDA:1,10,0,1
BRDA:1,11,0,19
BRDA:12,12,0,15
BRDA:13,13,0,1
BRDA:15,14,0,14
BRDA:15,15,0,1
BRDA:19,16,0,15
BRDA:21,17,0,14
BRDA:29,18,0,14
BRDA:31,19,0,0
BRF:20
BRH:17
end_of_record
TN:
SF:src\core\auth\routes.ts
FN:1,__export
FN:1,__copyProps
FN:1,get
FN:1,__toESM
FN:1,__toCommonJS
FN:1,default
FNF:6
FNH:6
FNDA:1,__export
FNDA:2,__copyProps
FNDA:1,get
FNDA:1,__toESM
FNDA:1,__toCommonJS
FNDA:1,default
DA:1,1
DA:2,1
DA:3,1
DA:4,1
DA:5,1
DA:6,1
DA:7,1
DA:8,1
DA:9,1
DA:10,1
DA:11,1
DA:12,1
DA:13,1
DA:14,1
DA:15,1
DA:16,1
DA:17,1
DA:18,1
DA:19,1
DA:20,1
DA:21,1
DA:22,1
DA:23,1
DA:24,1
DA:25,0
DA:26,0
DA:27,0
DA:28,0
DA:29,1
DA:30,1
DA:31,1
DA:32,1
DA:33,1
DA:34,1
DA:35,1
DA:36,1
DA:37,1
DA:38,1
DA:39,1
DA:40,1
DA:41,1
DA:42,1
DA:43,1
DA:44,1
DA:45,1
DA:46,1
DA:47,1
DA:48,0
DA:49,0
DA:50,0
DA:51,0
DA:52,0
DA:53,0
DA:54,1
DA:55,1
DA:56,1
DA:57,1
DA:58,0
DA:59,0
DA:60,0
DA:61,0
DA:62,0
DA:63,0
DA:64,0
DA:65,0
DA:66,0
DA:67,0
DA:68,0
DA:69,0
DA:70,0
DA:71,0
DA:72,0
DA:73,0
DA:74,0
DA:75,0
DA:76,0
DA:77,0
DA:78,0
DA:79,0
DA:80,0
DA:81,0
DA:82,0
DA:83,1
DA:84,1
DA:85,1
DA:86,0
DA:87,0
DA:88,0
DA:89,0
DA:90,0
DA:91,0
DA:92,1
DA:93,1
DA:94,1
LF:94
LH:53
BRDA:1,0,0,1
BRDA:1,1,0,2
BRDA:1,2,0,1
BRDA:1,3,0,7
BRDA:1,4,0,6
BRDA:1,5,0,6
BRDA:1,6,0,1
BRDA:1,7,0,1
BRDA:1,8,0,0
BRDA:1,9,0,0
BRDA:1,10,0,1
BRDA:1,11,0,1
BRDA:21,12,0,1
BRDA:24,13,0,0
BRF:14
BRH:11
end_of_record
TN:
SF:src\core\auth\service.ts
FN:1,__name
FN:1,__export
FN:1,__copyProps
FN:1,get
FN:1,__toESM
FN:1,__toCommonJS
FN:1,hashPassword
FN:1,login
FN:1,logout
FN:1,userFromToken
FN:1,verifyPassword
FN:18,hashPassword
FN:22,verifyPassword
FN:32,login
FN:62,logout
FN:66,userFromToken
FN:74,loadAuthUser
FNF:17
FNH:12
FNDA:6,__name
FNDA:1,__export
FNDA:3,__copyProps
FNDA:15,get
FNDA:2,__toESM
FNDA:1,__toCommonJS
FNDA:0,hashPassword
FNDA:1,login
FNDA:0,logout
FNDA:14,userFromToken
FNDA:0,verifyPassword
FNDA:0,hashPassword
FNDA:1,verifyPassword
FNDA:1,login
FNDA:0,logout
FNDA:14,userFromToken
FNDA:15,loadAuthUser
DA:1,1
DA:2,1
DA:3,1
DA:4,1
DA:5,1
DA:6,1
DA:7,1
DA:8,1
DA:9,1
DA:10,1
DA:11,1
DA:12,1
DA:13,1
DA:14,1
DA:15,1
DA:16,1
DA:17,1
DA:18,1
DA:19,0
DA:20,0
DA:21,1
DA:22,1
DA:23,1
DA:24,1
DA:25,1
DA:26,1
DA:27,1
DA:28,1
DA:29,1
DA:30,1
DA:31,1
DA:32,1
DA:33,1
DA:34,1
DA:35,1
DA:36,1
DA:37,1
DA:38,1
DA:39,1
DA:40,1
DA:41,1
DA:42,1
DA:43,1
DA:44,1
DA:45,1
DA:46,1
DA:47,1
DA:48,1
DA:49,1
DA:50,1
DA:51,1
DA:52,1
DA:53,1
DA:54,1
DA:55,1
DA:56,1
DA:57,1
DA:58,1
DA:59,1
DA:60,1
DA:61,1
DA:62,1
DA:63,0
DA:64,0
DA:65,1
DA:66,1
DA:67,14
DA:68,14
DA:69,14
DA:70,14
DA:71,14
DA:72,14
DA:73,1
DA:74,15
DA:75,15
DA:76,15
DA:77,15
DA:78,15
DA:79,15
DA:80,15
DA:81,15
DA:82,15
DA:83,15
DA:84,15
DA:85,15
DA:86,15
DA:87,15
DA:88,15
DA:89,15
DA:90,15
DA:91,15
DA:92,15
DA:93,15
DA:94,15
DA:95,15
DA:96,15
DA:97,15
DA:98,15
LF:98
LH:94
BRDA:76,0,0,0
BRDA:1,1,0,6
BRDA:1,2,0,1
BRDA:1,3,0,5
BRDA:1,4,0,3
BRDA:1,5,0,0
BRDA:1,6,0,40
BRDA:1,7,0,15
BRDA:1,8,0,2
BRDA:1,9,0,0
BRDA:1,10,0,0
BRDA:1,11,0,1
BRDA:1,12,0,1
BRDA:1,13,0,14
BRDA:22,14,0,1
BRDA:32,15,0,1
BRDA:47,16,0,0
BRDA:50,17,0,0
BRDA:55,18,0,0
BRDA:55,19,0,0
BRDA:66,20,0,14
BRDA:71,21,0,0
BRDA:74,22,0,15
BRDA:83,23,0,0
BRDA:96,24,0,1305
BRF:25
BRH:15
end_of_record
TN:
SF:src\core\backup\routes.ts
FN:1,__export
FN:1,__copyProps
FN:1,get
FN:1,__toCommonJS
FN:1,default
FNF:5
FNH:5
FNDA:1,__export
FNDA:1,__copyProps
FNDA:1,get
FNDA:1,__toCommonJS
FNDA:1,default
DA:1,1
DA:2,1
DA:3,1
DA:4,1
DA:5,1
DA:6,1
DA:7,1
DA:8,1
DA:9,0
DA:10,1
DA:11,1
DA:12,1
DA:13,0
DA:14,0
DA:15,0
DA:16,0
DA:17,0
DA:18,1
DA:19,1
DA:20,1
DA:21,0
DA:22,0
DA:23,0
DA:24,0
DA:25,0
DA:26,0
DA:27,0
DA:28,1
DA:29,1
DA:30,1
DA:31,0
DA:32,0
DA:33,0
DA:34,0
DA:35,0
DA:36,0
DA:37,0
DA:38,1
DA:39,1
DA:40,1
DA:41,0
DA:42,0
DA:43,0
DA:44,0
DA:45,0
DA:46,0
DA:47,0
DA:48,0
DA:49,1
DA:50,1
DA:51,1
DA:52,0
DA:53,0
DA:54,0
DA:55,0
DA:56,0
DA:57,0
DA:58,0
DA:59,1
DA:60,1
DA:61,1
DA:62,0
DA:63,0
DA:64,0
DA:65,0
DA:66,0
DA:67,0
DA:68,0
DA:69,0
DA:70,1
DA:71,1
DA:72,1
LF:72
LH:29
BRDA:1,0,0,1
BRDA:1,1,0,1
BRDA:1,2,0,0
BRDA:1,3,0,1
BRDA:1,4,0,1
BRDA:1,5,0,1
BRF:6
BRH:5
end_of_record
TN:
SF:src\core\backup\service.ts
FN:1,__name
FN:1,__export
FN:1,__copyProps
FN:1,get
FN:1,__toESM
FN:1,__toCommonJS
FN:1,deleteBackup
FN:1,deleteCloudBackup
FN:1,downloadCloudBackup
FN:1,enforceRetention
FN:1,getBackupSettings
FN:1,listBackups
FN:1,listCloudBackups
FN:1,restoreBackup
FN:1,runBackup
FN:1,startBackupScheduler
FN:1,uploadBackupToCloud
FN:19,backupDir
FN:28,sha256
FN:48,getBackupSettings
FN:63,runBackup
FN:106,enforceRetention
FN:132,restoreBackup
FN:153,listBackups
FN:166,deleteBackup
FN:188,cloudBaseUrl
FN:193,cloudAuthHeaders
FN:200,uploadBackupToCloud
FN:235,listCloudBackups
FN:245,deleteCloudBackup
FN:260,downloadCloudBackup
FN:293,isScheduledBackupDue
FN:308,startBackupScheduler
FNF:33
FNH:10
FNDA:17,__name
FNDA:1,__export
FNDA:3,__copyProps
FNDA:1,get
FNDA:2,__toESM
FNDA:1,__toCommonJS
FNDA:0,deleteBackup
FNDA:0,deleteCloudBackup
FNDA:0,downloadCloudBackup
FNDA:0,enforceRetention
FNDA:0,getBackupSettings
FNDA:0,listBackups
FNDA:0,listCloudBackups
FNDA:0,restoreBackup
FNDA:0,runBackup
FNDA:1,startBackupScheduler
FNDA:0,uploadBackupToCloud
FNDA:0,backupDir
FNDA:0,sha256
FNDA:1,getBackupSettings
FNDA:0,runBackup
FNDA:0,enforceRetention
FNDA:0,restoreBackup
FNDA:0,listBackups
FNDA:0,deleteBackup
FNDA:0,cloudBaseUrl
FNDA:0,cloudAuthHeaders
FNDA:0,uploadBackupToCloud
FNDA:0,listCloudBackups
FNDA:0,deleteCloudBackup
FNDA:0,downloadCloudBackup
FNDA:1,isScheduledBackupDue
FNDA:1,startBackupScheduler
DA:1,1
DA:2,1
DA:3,1
DA:4,1
DA:5,1
DA:6,1
DA:7,1
DA:8,1
DA:9,1
DA:10,1
DA:11,1
DA:12,1
DA:13,1
DA:14,1
DA:15,1
DA:16,1
DA:17,1
DA:18,1
DA:19,0
DA:20,0
DA:21,0
DA:22,0
DA:23,0
DA:24,0
DA:25,0
DA:26,0
DA:27,1
DA:28,0
DA:29,0
DA:30,0
DA:31,1
DA:32,1
DA:33,1
DA:34,1
DA:35,1
DA:36,1
DA:37,1
DA:38,1
DA:39,1
DA:40,1
DA:41,1
DA:42,1
DA:43,1
DA:44,1
DA:45,1
DA:46,1
DA:47,1
DA:48,1
DA:49,1
DA:50,1
DA:51,1
DA:52,1
DA:53,1
DA:54,1
DA:55,1
DA:56,1
DA:57,1
DA:58,1
DA:59,1
DA:60,1
DA:61,1
DA:62,1
DA:63,0
DA:64,0
DA:65,0
DA:66,0
DA:67,0
DA:68,0
DA:69,0
DA:70,0
DA:71,0
DA:72,0
DA:73,0
DA:74,0
DA:75,0
DA:76,0
DA:77,0
DA:78,0
DA:79,0
DA:80,0
DA:81,0
DA:82,0
DA:83,0
DA:84,0
DA:85,0
DA:86,0
DA:87,0
DA:88,0
DA:89,0
DA:90,0
DA:91,0
DA:92,0
DA:93,0
DA:94,0
DA:95,0
DA:96,0
DA:97,0
DA:98,0
DA:99,0
DA:100,1
DA:101,1
DA:102,1
DA:103,1
DA:104,1
DA:105,1
DA:106,0
DA:107,0
DA:108,0
DA:109,0
DA:110,0
DA:111,0
DA:112,0
DA:113,0
DA:114,0
DA:115,0
DA:116,0
DA:117,0
DA:118,0
DA:119,0
DA:120,0
DA:121,0
DA:122,0
DA:123,0
DA:124,0
DA:125,0
DA:126,0
DA:127,0
DA:128,0
DA:129,0
DA:130,1
DA:131,1
DA:132,1
DA:133,0
DA:134,0
DA:135,0
DA:136,0
DA:137,0
DA:138,0
DA:139,0
DA:140,0
DA:141,0
DA:142,0
DA:143,0
DA:144,0
DA:145,0
DA:146,0
DA:147,0
DA:148,0
DA:149,0
DA:150,0
DA:151,0
DA:152,1
DA:153,1
DA:154,0
DA:155,0
DA:156,0
DA:157,0
DA:158,0
DA:159,0
DA:160,1
DA:161,1
DA:162,1
DA:163,1
DA:164,1
DA:165,1
DA:166,0
DA:167,0
DA:168,0
DA:169,0
DA:170,0
DA:171,0
DA:172,0
DA:173,0
DA:174,0
DA:175,0
DA:176,0
DA:177,0
DA:178,0
DA:179,0
DA:180,0
DA:181,0
DA:182,0
DA:183,0
DA:184,0
DA:185,0
DA:186,0
DA:187,1
DA:188,0
DA:189,0
DA:190,0
DA:191,0
DA:192,1
DA:193,0
DA:194,0
DA:195,0
DA:196,0
DA:197,0
DA:198,1
DA:199,1
DA:200,0
DA:201,0
DA:202,0
DA:203,0
DA:204,0
DA:205,0
DA:206,0
DA:207,0
DA:208,0
DA:209,0
DA:210,0
DA:211,0
DA:212,0
DA:213,0
DA:214,0
DA:215,0
DA:216,0
DA:217,0
DA:218,0
DA:219,0
DA:220,0
DA:221,0
DA:222,0
DA:223,0
DA:224,0
DA:225,1
DA:226,1
DA:227,1
DA:228,1
DA:229,1
DA:230,1
DA:231,1
DA:232,1
DA:233,1
DA:234,1
DA:235,0
DA:236,0
DA:237,0
DA:238,0
DA:239,0
DA:240,0
DA:241,0
DA:242,0
DA:243,1
DA:244,1
DA:245,0
DA:246,0
DA:247,0
DA:248,0
DA:249,0
DA:250,0
DA:251,0
DA:252,0
DA:253,0
DA:254,0
DA:255,1
DA:256,1
DA:257,1
DA:258,1
DA:259,1
DA:260,0
DA:261,0
DA:262,0
DA:263,0
DA:264,0
DA:265,0
DA:266,0
DA:267,0
DA:268,0
DA:269,0
DA:270,0
DA:271,0
DA:272,0
DA:273,0
DA:274,0
DA:275,0
DA:276,0
DA:277,0
DA:278,0
DA:279,0
DA:280,0
DA:281,0
DA:282,0
DA:283,0
DA:284,0
DA:285,0
DA:286,1
DA:287,1
DA:288,1
DA:289,1
DA:290,1
DA:291,1
DA:292,1
DA:293,1
DA:294,1
DA:295,1
DA:296,1
DA:297,1
DA:298,1
DA:299,1
DA:300,0
DA:301,0
DA:302,0
DA:303,0
DA:304,0
DA:305,1
DA:306,1
DA:307,1
DA:308,1
DA:309,1
DA:310,1
DA:311,1
DA:312,0
DA:313,0
DA:314,0
DA:315,0
DA:316,0
DA:317,1
DA:318,1
DA:319,1
DA:320,1
DA:321,1
DA:322,1
LF:322
LH:116
BRDA:308,0,0,0
BRDA:1,1,0,17
BRDA:1,2,0,1
BRDA:1,3,0,11
BRDA:1,4,0,3
BRDA:1,5,0,0
BRDA:1,6,0,136
BRDA:1,7,0,1
BRDA:1,8,0,2
BRDA:1,9,0,0
BRDA:1,10,0,0
BRDA:1,11,0,1
BRDA:1,12,0,1
BRDA:48,13,0,1
BRDA:53,14,0,0
BRDA:57,15,0,0
BRDA:58,16,0,0
BRDA:59,17,0,0
BRDA:293,18,0,1
BRDA:296,19,0,0
BRDA:298,20,0,0
BRDA:298,21,0,0
BRDA:299,22,0,0
BRDA:295,23,0,2
BRDA:308,24,0,1
BRDA:309,25,0,1
BRDA:311,26,0,0
BRF:27
BRH:14
end_of_record
TN:
SF:src\core\billing\routes.ts
FN:1,__export
FN:1,__copyProps
FN:1,get
FN:1,__toCommonJS
FN:1,default
FNF:5
FNH:5
FNDA:1,__export
FNDA:1,__copyProps
FNDA:1,get
FNDA:1,__toCommonJS
FNDA:1,default
DA:1,1
DA:2,1
DA:3,1
DA:4,1
DA:5,1
DA:6,1
DA:7,1
DA:8,0
DA:9,1
DA:10,1
DA:11,1
DA:12,0
DA:13,0
DA:14,1
DA:15,1
DA:16,1
LF:16
LH:13
BRDA:1,0,0,1
BRDA:1,1,0,1
BRDA:1,2,0,0
BRDA:1,3,0,1
BRDA:1,4,0,1
BRDA:1,5,0,1
BRF:6
BRH:5
end_of_record
TN:
SF:src\core\billing\service.ts
FN:1,__name
FN:1,__export
FN:1,__copyProps
FN:1,get
FN:1,__toCommonJS
FN:1,fetchCloudCharges
FN:1,fetchUrgentCharges
FN:22,fetchCloudCharges
FN:39,fetchUrgentCharges
FNF:9
FNH:4
FNDA:2,__name
FNDA:1,__export
FNDA:1,__copyProps
FNDA:0,get
FNDA:1,__toCommonJS
FNDA:0,fetchCloudCharges
FNDA:0,fetchUrgentCharges
FNDA:0,fetchCloudCharges
FNDA:0,fetchUrgentCharges
DA:1,1
DA:2,1
DA:3,1
DA:4,1
DA:5,1
DA:6,1
DA:7,1
DA:8,1
DA:9,1
DA:10,1
DA:11,1
DA:12,1
DA:13,1
DA:14,1
DA:15,1
DA:16,1
DA:17,1
DA:18,1
DA:19,1
DA:20,1
DA:21,1
DA:22,0
DA:23,0
DA:24,0
DA:25,0
DA:26,0
DA:27,0
DA:28,0
DA:29,0
DA:30,0
DA:31,0
DA:32,0
DA:33,0
DA:34,0
DA:35,0
DA:36,0
DA:37,1
DA:38,1
DA:39,0
DA:40,0
DA:41,0
DA:42,0
DA:43,0
LF:43
LH:23
BRDA:39,0,0,0
BRDA:1,1,0,2
BRDA:1,2,0,1
BRDA:1,3,0,2
BRDA:1,4,0,1
BRDA:1,5,0,0
BRDA:1,6,0,2
BRDA:1,7,0,1
BRF:8
BRH:6
end_of_record
TN:
SF:src\core\capabilities\middleware.ts
FN:1,__name
FN:1,__export
FN:1,__copyProps
FN:1,get
FN:1,__toCommonJS
FN:1,requireCapability
FN:5,requireCapability
FNF:7
FNH:7
FNDA:1,__name
FNDA:1,__export
FNDA:1,__copyProps
FNDA:51,get
FNDA:1,__toCommonJS
FNDA:51,requireCapability
FNDA:51,requireCapability
DA:1,51
DA:2,1
DA:3,1
DA:4,1
DA:5,1
DA:6,51
DA:7,0
DA:8,0
DA:9,0
DA:10,0
DA:11,0
DA:12,0
DA:13,0
DA:14,51
LF:14
LH:7
BRDA:5,0,0,0
BRDA:1,1,0,1
BRDA:1,2,0,1
BRDA:1,3,0,1
BRDA:1,4,0,0
BRDA:1,5,0,51
BRDA:1,6,0,1
BRDA:1,7,0,51
BRDA:5,8,0,51
BRF:9
BRH:7
end_of_record
TN:
SF:src\core\capabilities\routes.ts
FN:1,__export
FN:1,__copyProps
FN:1,get
FN:1,__toCommonJS
FN:1,default
FNF:5
FNH:5
FNDA:1,__export
FNDA:1,__copyProps
FNDA:1,get
FNDA:1,__toCommonJS
FNDA:1,default
DA:1,1
DA:2,1
DA:3,1
DA:4,1
DA:5,1
DA:6,1
DA:7,1
DA:8,0
DA:9,1
DA:10,1
DA:11,1
DA:12,0
DA:13,0
DA:14,0
DA:15,0
DA:16,0
DA:17,0
DA:18,0
DA:19,0
DA:20,0
DA:21,1
DA:22,1
DA:23,1
LF:23
LH:13
BRDA:1,0,0,1
BRDA:1,1,0,1
BRDA:1,2,0,0
BRDA:1,3,0,1
BRDA:1,4,0,1
BRDA:1,5,0,1
BRF:6
BRH:5
end_of_record
TN:
SF:src\core\capabilities\service.ts
FN:1,__name
FN:1,__export
FN:1,__copyProps
FN:1,get
FN:1,__toCommonJS
FN:1,hasCapability
FN:1,listCapabilities
FN:1,setCapabilityEnabled
FN:19,hasCapability
FN:29,listCapabilities
FN:36,setCapabilityEnabled
FNF:11
FNH:4
FNDA:3,__name
FNDA:1,__export
FNDA:1,__copyProps
FNDA:0,get
FNDA:1,__toCommonJS
FNDA:0,hasCapability
FNDA:0,listCapabilities
FNDA:0,setCapabilityEnabled
FNDA:0,hasCapability
FNDA:0,listCapabilities
FNDA:0,setCapabilityEnabled
DA:1,1
DA:2,1
DA:3,1
DA:4,1
DA:5,1
DA:6,1
DA:7,1
DA:8,1
DA:9,1
DA:10,1
DA:11,1
DA:12,1
DA:13,1
DA:14,1
DA:15,1
DA:16,1
DA:17,1
DA:18,1
DA:19,1
DA:20,0
DA:21,0
DA:22,0
DA:23,0
DA:24,0
DA:25,0
DA:26,0
DA:27,1
DA:28,1
DA:29,1
DA:30,0
DA:31,0
DA:32,0
DA:33,0
DA:34,1
DA:35,1
DA:36,1
DA:37,0
DA:38,0
DA:39,0
DA:40,0
DA:41,0
DA:42,0
DA:43,0
DA:44,0
DA:45,0
DA:46,0
DA:47,0
LF:47
LH:25
BRDA:36,0,0,0
BRDA:1,1,0,3
BRDA:1,2,0,1
BRDA:1,3,0,3
BRDA:1,4,0,1
BRDA:1,5,0,0
BRDA:1,6,0,3
BRDA:1,7,0,1
BRF:8
BRH:6
end_of_record
TN:
SF:src\core\catalog\imageValidation.ts
FN:1,__name
FN:1,__export
FN:1,__copyProps
FN:1,get
FN:1,__toCommonJS
FN:1,sniffImageFormat
FN:1,validateImageBuffer
FN:14,sniffImageFormat
FN:36,validateImageBuffer
FNF:9
FNH:4
FNDA:2,__name
FNDA:1,__export
FNDA:1,__copyProps
FNDA:0,get
FNDA:1,__toCommonJS
FNDA:0,sniffImageFormat
FNDA:0,validateImageBuffer
FNDA:0,sniffImageFormat
FNDA:0,validateImageBuffer
DA:1,0
DA:2,1
DA:3,1
DA:4,1
DA:5,1
DA:6,1
DA:7,1
DA:8,1
DA:9,1
DA:10,1
DA:11,1
DA:12,1
DA:13,1
DA:14,1
DA:15,0
DA:16,0
DA:17,0
DA:18,0
DA:19,0
DA:20,0
DA:21,0
DA:22,0
DA:23,0
DA:24,0
DA:25,0
DA:26,0
DA:27,0
DA:28,0
DA:29,0
DA:30,0
DA:31,1
DA:32,1
DA:33,1
DA:34,1
DA:35,1
DA:36,1
DA:37,0
DA:38,0
DA:39,0
DA:40,0
DA:41,0
DA:42,0
DA:43,0
LF:43
LH:19
BRDA:36,0,0,0
BRDA:1,1,0,2
BRDA:1,2,0,1
BRDA:1,3,0,2
BRDA:1,4,0,1
BRDA:1,5,0,0
BRDA:1,6,0,2
BRDA:1,7,0,1
BRF:8
BRH:6
end_of_record
TN:
SF:src\core\catalog\submissionQueue.ts
FN:1,__name
FN:1,__export
FN:1,__copyProps
FN:1,get
FN:1,__toESM
FN:1,__toCommonJS
FN:1,cloudAuthHeaders
FN:1,cloudBaseUrl
FN:1,productImagesDir
FN:1,queueProductImageSubmission
FN:1,saveLocalProductImage
FN:1,trySubmitPending
FN:29,productImagesDir
FN:37,sha256
FN:42,saveLocalProductImage
FN:49,queueProductImageSubmission
FN:64,cloudBaseUrl
FN:69,cloudAuthHeaders
FN:87,trySubmitPending
FNF:19
FNH:12
FNDA:7,__name
FNDA:1,__export
FNDA:3,__copyProps
FNDA:2,get
FNDA:2,__toESM
FNDA:1,__toCommonJS
FNDA:0,cloudAuthHeaders
FNDA:0,cloudBaseUrl
FNDA:1,productImagesDir
FNDA:0,queueProductImageSubmission
FNDA:0,saveLocalProductImage
FNDA:1,trySubmitPending
FNDA:1,productImagesDir
FNDA:0,sha256
FNDA:0,saveLocalProductImage
FNDA:0,queueProductImageSubmission
FNDA:1,cloudBaseUrl
FNDA:1,cloudAuthHeaders
FNDA:1,trySubmitPending
DA:1,1
DA:2,1
DA:3,1
DA:4,1
DA:5,1
DA:6,1
DA:7,1
DA:8,1
DA:9,1
DA:10,1
DA:11,1
DA:12,1
DA:13,1
DA:14,1
DA:15,1
DA:16,1
DA:17,1
DA:18,1
DA:19,1
DA:20,1
DA:21,1
DA:22,1
DA:23,1
DA:24,1
DA:25,1
DA:26,1
DA:27,1
DA:28,1
DA:29,1
DA:30,1
DA:31,1
DA:32,1
DA:33,1
DA:34,1
DA:35,1
DA:36,1
DA:37,0
DA:38,0
DA:39,0
DA:40,1
DA:41,1
DA:42,1
DA:43,0
DA:44,0
DA:45,0
DA:46,0
DA:47,1
DA:48,1
DA:49,1
DA:50,0
DA:51,0
DA:52,0
DA:53,0
DA:54,0
DA:55,0
DA:56,0
DA:57,0
DA:58,0
DA:59,0
DA:60,0
DA:61,0
DA:62,0
DA:63,1
DA:64,1
DA:65,1
DA:66,1
DA:67,1
DA:68,1
DA:69,1
DA:70,1
DA:71,1
DA:72,1
DA:73,1
DA:74,1
DA:75,1
DA:76,1
DA:77,1
DA:78,1
DA:79,1
DA:80,1
DA:81,1
DA:82,1
DA:83,1
DA:84,1
DA:85,1
DA:86,1
DA:87,1
DA:88,1
DA:89,1
DA:90,1
DA:91,1
DA:92,1
DA:93,0
DA:94,0
DA:95,0
DA:96,0
DA:97,0
DA:98,0
DA:99,0
DA:100,0
DA:101,0
DA:102,0
DA:103,0
DA:104,0
DA:105,0
DA:106,0
DA:107,0
DA:108,0
DA:109,0
DA:110,0
DA:111,0
DA:112,0
DA:113,0
DA:114,0
DA:115,0
DA:116,0
DA:117,0
DA:118,0
DA:119,0
DA:120,0
DA:121,0
DA:122,0
DA:123,0
DA:124,0
DA:125,0
DA:126,0
DA:127,0
DA:128,0
DA:129,0
DA:130,0
DA:131,0
DA:132,0
DA:133,0
DA:134,0
DA:135,0
DA:136,0
DA:137,0
DA:138,0
DA:139,0
DA:140,0
DA:141,1
LF:141
LH:73
BRDA:87,0,0,0
BRDA:1,1,0,7
BRDA:1,2,0,1
BRDA:1,3,0,6
BRDA:1,4,0,3
BRDA:1,5,0,0
BRDA:1,6,0,131
BRDA:1,7,0,2
BRDA:1,8,0,2
BRDA:1,9,0,0
BRDA:1,10,0,0
BRDA:1,11,0,1
BRDA:1,12,0,1
BRDA:1,13,0,1
BRDA:29,14,0,1
BRDA:64,15,0,1
BRDA:66,16,0,0
BRDA:69,17,0,1
BRDA:71,18,0,0
BRDA:72,19,0,0
BRDA:87,20,0,1
BRDA:92,21,0,0
BRF:22
BRH:14
end_of_record
TN:
SF:src\core\config\cloud.ts
FN:1,__name
FN:1,__export
FN:1,__copyProps
FN:1,get
FN:1,__toCommonJS
FN:1,PRODUCTION_CLOUD_URL
FN:1,getCloudServerUrl
FN:18,getCloudServerUrl
FNF:8
FNH:7
FNDA:1,__name
FNDA:1,__export
FNDA:1,__copyProps
FNDA:1,get
FNDA:1,__toCommonJS
FNDA:0,PRODUCTION_CLOUD_URL
FNDA:1,getCloudServerUrl
FNDA:1,getCloudServerUrl
DA:1,1
DA:2,1
DA:3,1
DA:4,1
DA:5,1
DA:6,1
DA:7,1
DA:8,1
DA:9,1
DA:10,1
DA:11,1
DA:12,1
DA:13,1
DA:14,1
DA:15,1
DA:16,1
DA:17,1
DA:18,1
DA:19,1
DA:20,1
DA:21,1
DA:22,1
DA:23,1
DA:24,1
DA:25,1
LF:25
LH:25
BRDA:18,0,0,0
BRDA:1,1,0,1
BRDA:1,2,0,1
BRDA:1,3,0,2
BRDA:1,4,0,1
BRDA:1,5,0,0
BRDA:1,6,0,2
BRDA:1,7,0,1
BRDA:1,8,0,1
BRDA:1,9,0,1
BRDA:18,10,0,1
BRDA:22,11,0,0
BRDA:22,12,0,0
BRDA:23,13,0,0
BRDA:24,14,0,0
BRF:15
BRH:9
end_of_record
TN:
SF:src\core\config\routes.ts
FN:1,__export
FN:1,__copyProps
FN:1,get
FN:1,__toESM
FN:1,__toCommonJS
FN:1,default
FNF:6
FNH:6
FNDA:1,__export
FNDA:3,__copyProps
FNDA:1,get
FNDA:2,__toESM
FNDA:1,__toCommonJS
FNDA:1,default
DA:1,1
DA:2,1
DA:3,1
DA:4,1
DA:5,1
DA:6,1
DA:7,1
DA:8,1
DA:9,1
DA:10,1
DA:11,1
DA:12,1
DA:13,1
DA:14,0
DA:15,0
DA:16,0
DA:17,0
DA:18,1
DA:19,1
DA:20,1
DA:21,1
DA:22,1
DA:23,1
DA:24,1
DA:25,1
DA:26,0
DA:27,0
DA:28,0
DA:29,0
DA:30,0
DA:31,0
DA:32,0
DA:33,0
DA:34,0
DA:35,0
DA:36,0
DA:37,1
DA:38,1
DA:39,1
DA:40,1
DA:41,1
DA:42,1
DA:43,0
DA:44,0
DA:45,0
DA:46,0
DA:47,0
DA:48,0
DA:49,0
DA:50,0
DA:51,0
DA:52,1
DA:53,1
DA:54,1
DA:55,0
DA:56,0
DA:57,0
DA:58,0
DA:59,0
DA:60,0
DA:61,0
DA:62,0
DA:63,0
DA:64,0
DA:65,0
DA:66,1
DA:67,1
DA:68,1
LF:68
LH:33
BRDA:1,0,0,1
BRDA:1,1,0,3
BRDA:1,2,0,0
BRDA:1,3,0,31
BRDA:1,4,0,1
BRDA:1,5,0,2
BRDA:1,6,0,0
BRDA:1,7,0,0
BRDA:1,8,0,1
BRDA:1,9,0,1
BRF:10
BRH:7
end_of_record
TN:
SF:src\core\database\connection.ts
FN:1,__name
FN:1,__export
FN:1,__copyProps
FN:1,get
FN:1,__toESM
FN:1,__toCommonJS
FN:1,closeDb
FN:1,getDb
FN:1,getSqlite
FN:13,getSqlite
FN:24,getDb
FN:28,closeDb
FNF:12
FNH:10
FNDA:3,__name
FNDA:1,__export
FNDA:5,__copyProps
FNDA:484,get
FNDA:4,__toESM
FNDA:1,__toCommonJS
FNDA:1,closeDb
FNDA:0,getDb
FNDA:483,getSqlite
FNDA:483,getSqlite
FNDA:0,getDb
FNDA:1,closeDb
DA:1,1
DA:2,1
DA:3,1
DA:4,1
DA:5,1
DA:6,1
DA:7,1
DA:8,1
DA:9,1
DA:10,1
DA:11,1
DA:12,1
DA:13,1
DA:14,483
DA:15,1
DA:16,1
DA:17,1
DA:18,1
DA:19,1
DA:20,483
DA:21,483
DA:22,1
DA:23,1
DA:24,1
DA:25,0
DA:26,0
DA:27,1
DA:28,1
DA:29,1
DA:30,1
DA:31,1
LF:31
LH:29
BRDA:28,0,0,0
BRDA:1,1,0,3
BRDA:1,2,0,1
BRDA:1,3,0,3
BRDA:1,4,0,5
BRDA:1,5,0,1
BRDA:1,6,0,135
BRDA:1,7,0,484
BRDA:1,8,0,4
BRDA:1,9,0,0
BRDA:1,10,0,3
BRDA:1,11,0,1
BRDA:1,12,0,1
BRDA:1,13,0,1
BRDA:1,14,0,483
BRDA:13,15,0,483
BRDA:14,16,0,1
BRDA:28,17,0,1
BRF:18
BRH:16
end_of_record
TN:
SF:src\core\database\migrator.ts
FN:1,__name
FN:1,__export
FN:1,__copyProps
FN:1,get
FN:1,__toESM
FN:1,__toCommonJS
FN:1,migrateDown
FN:1,migrateUp
FN:1,migrationStatus
FN:21,ensureMetaTable
FN:33,discoverMigrations
FN:52,appliedNames
FN:60,migrateUp
FN:85,migrateDown
FN:104,migrationStatus
FNF:15
FNH:11
FNDA:7,__name
FNDA:1,__export
FNDA:3,__copyProps
FNDA:1,get
FNDA:2,__toESM
FNDA:1,__toCommonJS
FNDA:0,migrateDown
FNDA:1,migrateUp
FNDA:0,migrationStatus
FNDA:1,ensureMetaTable
FNDA:1,discoverMigrations
FNDA:1,appliedNames
FNDA:1,migrateUp
FNDA:0,migrateDown
FNDA:0,migrationStatus
DA:1,1
DA:2,1
DA:3,1
DA:4,1
DA:5,1
DA:6,1
DA:7,1
DA:8,1
DA:9,1
DA:10,1
DA:11,1
DA:12,1
DA:13,1
DA:14,1
DA:15,1
DA:16,1
DA:17,1
DA:18,1
DA:19,1
DA:20,1
DA:21,1
DA:22,1
DA:23,1
DA:24,1
DA:25,1
DA:26,1
DA:27,1
DA:28,1
DA:29,1
DA:30,1
DA:31,1
DA:32,1
DA:33,1
DA:34,1
DA:35,1
DA:36,8
DA:37,8
DA:38,47
DA:39,47
DA:40,47
DA:41,47
DA:42,8
DA:43,1
DA:44,1
DA:45,1
DA:46,7
DA:47,7
DA:48,1
DA:49,1
DA:50,1
DA:51,1
DA:52,1
DA:53,1
DA:54,1
DA:55,1
DA:56,1
DA:57,1
DA:58,1
DA:59,1
DA:60,1
DA:61,1
DA:62,1
DA:63,1
DA:64,1
DA:65,47
DA:66,47
DA:67,0
DA:68,0
DA:69,0
DA:70,0
DA:71,0
DA:72,0
DA:73,0
DA:74,0
DA:75,0
DA:76,0
DA:77,0
DA:78,0
DA:79,0
DA:80,0
DA:81,1
DA:82,1
DA:83,1
DA:84,1
DA:85,1
DA:86,0
DA:87,0
DA:88,0
DA:89,0
DA:90,0
DA:91,0
DA:92,0
DA:93,0
DA:94,0
DA:95,0
DA:96,0
DA:97,0
DA:98,0
DA:99,0
DA:100,0
DA:101,0
DA:102,0
DA:103,1
DA:104,1
DA:105,0
DA:106,0
DA:107,0
LF:107
LH:73
BRDA:104,0,0,0
BRDA:1,1,0,7
BRDA:1,2,0,1
BRDA:1,3,0,3
BRDA:1,4,0,3
BRDA:1,5,0,0
BRDA:1,6,0,128
BRDA:1,7,0,1
BRDA:1,8,0,2
BRDA:1,9,0,0
BRDA:1,10,0,0
BRDA:1,11,0,1
BRDA:1,12,0,1
BRDA:21,13,0,1
BRDA:33,14,0,1
BRDA:45,15,0,7
BRDA:35,16,0,8
BRDA:36,17,0,1
BRDA:37,18,0,7
BRDA:37,19,0,47
BRDA:38,20,0,0
BRDA:39,21,0,0
BRDA:49,22,0,182
BRDA:52,23,0,1
BRDA:57,24,0,47
BRDA:60,25,0,1
BRDA:64,26,0,47
BRDA:66,27,0,0
BRF:28
BRH:21
end_of_record
TN:
SF:src\core\database\repository.ts
FN:1,__name
FN:1,__export
FN:1,__copyProps
FN:1,get
FN:1,__toCommonJS
FN:1,BaseRepository
FN:1,<static_initializer>
FN:18,<instance_members_initializer>
FN:20,BaseRepository
FN:24,get db
FN:28,cols
FN:32,notDeleted
FN:37,findById
FN:43,findByIdWithColumns
FN:49,findAll
FN:60,findWhere
FN:71,findOneWhere
FN:79,findIn
FN:87,searchLike
FN:95,create
FN:104,update
FN:112,updateWhere
FN:122,softDelete
FN:128,softDeleteWhere
FN:136,count
FN:148,exists
FN:152,transaction
FN:156,raw
FN:160,rawOne
FN:164,rawRun
FNF:30
FNH:17
FNDA:1,__name
FNDA:1,__export
FNDA:1,__copyProps
FNDA:44,get
FNDA:1,__toCommonJS
FNDA:44,BaseRepository
FNDA:1,<static_initializer>
FNDA:44,<instance_members_initializer>
FNDA:44,BaseRepository
FNDA:142,get db
FNDA:0,cols
FNDA:4,notDeleted
FNDA:0,findById
FNDA:4,findByIdWithColumns
FNDA:0,findAll
FNDA:0,findWhere
FNDA:0,findOneWhere
FNDA:0,findIn
FNDA:0,searchLike
FNDA:6,create
FNDA:0,update
FNDA:0,updateWhere
FNDA:0,softDelete
FNDA:0,softDeleteWhere
FNDA:0,count
FNDA:0,exists
FNDA:4,transaction
FNDA:23,raw
FNDA:67,rawOne
FNDA:38,rawRun
DA:1,1
DA:2,1
DA:3,1
DA:4,1
DA:5,1
DA:6,1
DA:7,1
DA:8,1
DA:9,1
DA:10,1
DA:11,1
DA:12,1
DA:13,1
DA:14,1
DA:15,1
DA:16,1
DA:17,1
DA:18,1
DA:19,1
DA:20,1
DA:21,44
DA:22,44
DA:23,1
DA:24,1
DA:25,142
DA:26,142
DA:27,1
DA:28,1
DA:29,0
DA:30,0
DA:31,1
DA:32,1
DA:33,4
DA:34,4
DA:35,4
DA:36,1
DA:37,1
DA:38,0
DA:39,0
DA:40,0
DA:41,0
DA:42,1
DA:43,1
DA:44,4
DA:45,4
DA:46,4
DA:47,4
DA:48,1
DA:49,1
DA:50,0
DA:51,0
DA:52,0
DA:53,0
DA:54,0
DA:55,0
DA:56,0
DA:57,0
DA:58,0
DA:59,1
DA:60,1
DA:61,0
DA:62,0
DA:63,0
DA:64,0
DA:65,0
DA:66,0
DA:67,0
DA:68,0
DA:69,0
DA:70,1
DA:71,1
DA:72,0
DA:73,0
DA:74,0
DA:75,0
DA:76,0
DA:77,0
DA:78,1
DA:79,1
DA:80,0
DA:81,0
DA:82,0
DA:83,0
DA:84,0
DA:85,0
DA:86,1
DA:87,1
DA:88,0
DA:89,0
DA:90,0
DA:91,0
DA:92,0
DA:93,0
DA:94,1
DA:95,1
DA:96,6
DA:97,6
DA:98,6
DA:99,6
DA:100,6
DA:101,6
DA:102,6
DA:103,1
DA:104,1
DA:105,0
DA:106,0
DA:107,0
DA:108,0
DA:109,0
DA:110,0
DA:111,1
DA:112,1
DA:113,0
DA:114,0
DA:115,0
DA:116,0
DA:117,0
DA:118,0
DA:119,0
DA:120,0
DA:121,1
DA:122,1
DA:123,0
DA:124,0
DA:125,0
DA:126,0
DA:127,1
DA:128,1
DA:129,0
DA:130,0
DA:131,0
DA:132,0
DA:133,0
DA:134,0
DA:135,1
DA:136,1
DA:137,0
DA:138,0
DA:139,0
DA:140,0
DA:141,0
DA:142,0
DA:143,0
DA:144,0
DA:145,0
DA:146,0
DA:147,1
DA:148,1
DA:149,0
DA:150,0
DA:151,1
DA:152,1
DA:153,4
DA:154,4
DA:155,1
DA:156,1
DA:157,23
DA:158,23
DA:159,1
DA:160,1
DA:161,67
DA:162,67
DA:163,1
DA:164,1
DA:165,38
DA:166,38
DA:167,0
LF:167
LH:88
BRDA:167,0,0,0
BRDA:1,1,0,1
BRDA:1,2,0,1
BRDA:1,3,0,1
BRDA:1,4,0,0
BRDA:1,5,0,44
BRDA:1,6,0,1
BRDA:1,7,0,44
BRDA:1,8,0,1
BRDA:18,9,0,44
BRDA:20,10,0,44
BRDA:24,11,0,142
BRDA:32,12,0,4
BRDA:33,13,0,0
BRDA:43,14,0,4
BRDA:95,15,0,6
BRDA:97,16,0,66
BRDA:100,17,0,66
BRDA:100,18,0,14
BRDA:152,19,0,4
BRDA:156,20,0,23
BRDA:160,21,0,67
BRDA:164,22,0,38
BRF:23
BRH:20
end_of_record
TN:
SF:src\core\database\schema.ts
FN:1,__export
FN:1,__copyProps
FN:1,get
FN:1,__toCommonJS
FN:1,modules
FN:1,settings
FNF:6
FNH:3
FNDA:1,__export
FNDA:1,__copyProps
FNDA:0,get
FNDA:1,__toCommonJS
FNDA:0,modules
FNDA:0,settings
DA:1,1
DA:2,1
DA:3,1
DA:4,1
DA:5,1
DA:6,1
DA:7,1
DA:8,1
DA:9,1
DA:10,1
DA:11,1
DA:12,1
DA:13,1
DA:14,1
DA:15,1
DA:16,1
DA:17,1
DA:18,1
DA:19,1
DA:20,1
DA:21,1
DA:22,1
DA:23,1
DA:24,1
DA:25,1
DA:26,1
DA:27,1
DA:28,1
DA:29,1
DA:30,1
DA:31,1
DA:32,1
DA:33,1
DA:34,1
LF:34
LH:34
BRDA:34,0,0,0
BRDA:1,1,0,1
BRDA:1,2,0,2
BRDA:1,3,0,1
BRDA:1,4,0,0
BRDA:1,5,0,2
BRDA:1,6,0,1
BRF:7
BRH:5
end_of_record
TN:
SF:src\core\database\seeds.ts
FN:1,__name
FN:1,__export
FN:1,__copyProps
FN:1,get
FN:1,__toESM
FN:1,__toCommonJS
FN:1,CORE_PERMISSIONS
FN:1,runSeeds
FN:52,runSeeds
FNF:9
FNH:8
FNDA:1,__name
FNDA:1,__export
FNDA:2,__copyProps
FNDA:1,get
FNDA:1,__toESM
FNDA:1,__toCommonJS
FNDA:0,CORE_PERMISSIONS
FNDA:1,runSeeds
FNDA:1,runSeeds
DA:1,1
DA:2,1
DA:3,1
DA:4,1
DA:5,1
DA:6,1
DA:7,1
DA:8,1
DA:9,1
DA:10,1
DA:11,1
DA:12,1
DA:13,1
DA:14,1
DA:15,1
DA:16,1
DA:17,1
DA:18,1
DA:19,1
DA:20,1
DA:21,1
DA:22,1
DA:23,1
DA:24,1
DA:25,1
DA:26,1
DA:27,1
DA:28,1
DA:29,1
DA:30,1
DA:31,1
DA:32,1
DA:33,1
DA:34,1
DA:35,1
DA:36,1
DA:37,1
DA:38,1
DA:39,1
DA:40,1
DA:41,1
DA:42,1
DA:43,1
DA:44,1
DA:45,1
DA:46,1
DA:47,1
DA:48,1
DA:49,1
DA:50,1
DA:51,1
DA:52,1
DA:53,1
DA:54,1
DA:55,1
DA:56,1
DA:57,1
DA:58,1
DA:59,1
DA:60,1
DA:61,1
DA:62,1
DA:63,1
DA:64,1
DA:65,1
DA:66,1
DA:67,1
DA:68,1
DA:69,1
DA:70,1
DA:71,8
DA:72,8
DA:73,8
DA:74,8
DA:75,8
DA:76,8
DA:77,8
DA:78,8
DA:79,1
DA:80,1
DA:81,1
DA:82,0
DA:83,0
DA:84,0
DA:85,0
DA:86,0
DA:87,0
DA:88,0
DA:89,0
DA:90,1
LF:90
LH:82
BRDA:66,0,0,0
BRDA:1,1,0,1
BRDA:1,2,0,1
BRDA:1,3,0,2
BRDA:1,4,0,2
BRDA:1,5,0,0
BRDA:1,6,0,14
BRDA:1,7,0,1
BRDA:1,8,0,1
BRDA:1,9,0,0
BRDA:1,10,0,0
BRDA:1,11,0,1
BRDA:1,12,0,1
BRDA:52,13,0,1
BRDA:59,14,0,19
BRDA:70,15,0,8
BRDA:76,16,0,1
BRDA:76,17,0,7
BRDA:77,18,0,34
BRDA:81,19,0,0
BRDA:76,20,0,19
BRF:21
BRH:16
end_of_record
TN:
SF:src\core\license\activationRoutes.ts
FN:1,__export
FN:1,__copyProps
FN:1,get
FN:1,__toCommonJS
FN:1,default
FNF:5
FNH:5
FNDA:1,__export
FNDA:1,__copyProps
FNDA:1,get
FNDA:1,__toCommonJS
FNDA:1,default
DA:1,1
DA:2,1
DA:3,1
DA:4,1
DA:5,1
DA:6,1
DA:7,1
DA:8,1
DA:9,1
DA:10,1
DA:11,0
DA:12,0
DA:13,0
DA:14,0
DA:15,0
DA:16,1
DA:17,1
DA:18,1
DA:19,0
DA:20,0
DA:21,0
DA:22,0
DA:23,0
DA:24,0
DA:25,0
DA:26,0
DA:27,0
DA:28,0
DA:29,0
DA:30,0
DA:31,1
DA:32,1
DA:33,1
LF:33
LH:16
BRDA:1,0,0,1
BRDA:1,1,0,1
BRDA:1,2,0,0
BRDA:1,3,0,1
BRDA:1,4,0,1
BRDA:1,5,0,1
BRF:6
BRH:5
end_of_record
TN:
SF:src\core\license\plans.ts
FN:1,__name
FN:1,__export
FN:1,__copyProps
FN:1,get
FN:1,__toCommonJS
FN:1,PLAN_LABELS
FN:1,PLAN_TIERS
FN:1,canAutoUpdate
FN:1,canSaveToCloud
FN:1,planLabel
FN:23,canAutoUpdate
FN:27,canSaveToCloud
FN:31,planLabel
FNF:13
FNH:4
FNDA:3,__name
FNDA:1,__export
FNDA:1,__copyProps
FNDA:0,get
FNDA:1,__toCommonJS
FNDA:0,PLAN_LABELS
FNDA:0,PLAN_TIERS
FNDA:0,canAutoUpdate
FNDA:0,canSaveToCloud
FNDA:0,planLabel
FNDA:0,canAutoUpdate
FNDA:0,canSaveToCloud
FNDA:0,planLabel
DA:1,0
DA:2,1
DA:3,1
DA:4,1
DA:5,1
DA:6,1
DA:7,1
DA:8,1
DA:9,1
DA:10,1
DA:11,1
DA:12,1
DA:13,1
DA:14,1
DA:15,1
DA:16,1
DA:17,1
DA:18,1
DA:19,1
DA:20,1
DA:21,1
DA:22,1
DA:23,1
DA:24,0
DA:25,0
DA:26,1
DA:27,1
DA:28,0
DA:29,0
DA:30,1
DA:31,1
DA:32,0
DA:33,0
LF:33
LH:26
BRDA:31,0,0,0
BRDA:1,1,0,3
BRDA:1,2,0,1
BRDA:1,3,0,5
BRDA:1,4,0,1
BRDA:1,5,0,0
BRDA:1,6,0,5
BRDA:1,7,0,1
BRF:8
BRH:6
end_of_record
TN:
SF:src\core\license\routes.ts
FN:1,__name
FN:1,__export
FN:1,__copyProps
FN:1,get
FN:1,__toCommonJS
FN:1,default
FN:10,licensePayload
FNF:7
FNH:6
FNDA:1,__name
FNDA:1,__export
FNDA:1,__copyProps
FNDA:1,get
FNDA:1,__toCommonJS
FNDA:1,default
FNDA:0,licensePayload
DA:1,1
DA:2,1
DA:3,1
DA:4,1
DA:5,1
DA:6,1
DA:7,1
DA:8,1
DA:9,1
DA:10,0
DA:11,0
DA:12,0
DA:13,0
DA:14,0
DA:15,0
DA:16,0
DA:17,0
DA:18,1
DA:19,1
DA:20,0
DA:21,1
DA:22,1
DA:23,1
DA:24,1
DA:25,1
DA:26,1
DA:27,1
DA:28,1
DA:29,0
DA:30,0
DA:31,0
DA:32,0
DA:33,0
DA:34,0
DA:35,0
DA:36,0
DA:37,0
DA:38,0
DA:39,1
DA:40,1
DA:41,1
DA:42,1
DA:43,1
DA:44,1
DA:45,1
DA:46,1
DA:47,1
DA:48,0
DA:49,0
DA:50,0
DA:51,0
DA:52,0
DA:53,0
DA:54,0
DA:55,0
DA:56,0
DA:57,0
DA:58,0
DA:59,0
DA:60,0
DA:61,0
DA:62,0
DA:63,0
DA:64,0
DA:65,0
DA:66,0
DA:67,1
DA:68,1
DA:69,1
LF:69
LH:31
BRDA:1,0,0,1
BRDA:1,1,0,1
BRDA:1,2,0,1
BRDA:1,3,0,0
BRDA:1,4,0,1
BRDA:1,5,0,1
BRDA:1,6,0,1
BRF:7
BRH:6
end_of_record
TN:
SF:src\core\license\service.ts
FN:1,__name
FN:1,__export
FN:1,__copyProps
FN:1,get
FN:1,__toESM
FN:1,__toCommonJS
FN:1,activateLicense
FN:1,ensureLicenseRow
FN:1,getEntitledModules
FN:1,getLicenseCredentials
FN:1,isActivated
FN:1,isModuleEntitled
FN:1,machineId
FN:1,refreshLicenseFromCloud
FN:1,setLicense
FN:1,validateLicense
FN:49,fallbackMachineIdPath
FN:60,fallbackMachineId
FN:83,machineId
FN:101,parseSqliteUtc
FN:124,getRow
FN:129,ensureLicenseRow
FN:142,computeIntegrityHmac
FN:156,reanchorMachineIdIfNeeded
FN:167,bumpWatermark
FN:177,setLicense
FN:192,getLicenseCredentials
FN:198,isActivated
FN:208,getEntitledModules
FN:215,isModuleEntitled
FN:238,activateLicense
FN:298,refreshLicenseFromCloud
FN:348,validateLicense
FNF:33
FNH:20
FNDA:17,__name
FNDA:1,__export
FNDA:3,__copyProps
FNDA:304,get
FNDA:2,__toESM
FNDA:1,__toCommonJS
FNDA:0,activateLicense
FNDA:0,ensureLicenseRow
FNDA:0,getEntitledModules
FNDA:1,getLicenseCredentials
FNDA:15,isActivated
FNDA:284,isModuleEntitled
FNDA:3,machineId
FNDA:0,refreshLicenseFromCloud
FNDA:0,setLicense
FNDA:1,validateLicense
FNDA:0,fallbackMachineIdPath
FNDA:0,fallbackMachineId
FNDA:3,machineId
FNDA:0,parseSqliteUtc
FNDA:317,getRow
FNDA:16,ensureLicenseRow
FNDA:0,computeIntegrityHmac
FNDA:1,reanchorMachineIdIfNeeded
FNDA:0,bumpWatermark
FNDA:0,setLicense
FNDA:1,getLicenseCredentials
FNDA:15,isActivated
FNDA:284,getEntitledModules
FNDA:284,isModuleEntitled
FNDA:0,activateLicense
FNDA:0,refreshLicenseFromCloud
FNDA:1,validateLicense
DA:1,1
DA:2,1
DA:3,1
DA:4,1
DA:5,1
DA:6,1
DA:7,1
DA:8,1
DA:9,1
DA:10,1
DA:11,1
DA:12,1
DA:13,1
DA:14,1
DA:15,1
DA:16,1
DA:17,1
DA:18,1
DA:19,1
DA:20,1
DA:21,1
DA:22,1
DA:23,1
DA:24,1
DA:25,1
DA:26,1
DA:27,1
DA:28,1
DA:29,1
DA:30,1
DA:31,1
DA:32,1
DA:33,1
DA:34,1
DA:35,1
DA:36,1
DA:37,1
DA:38,1
DA:39,1
DA:40,1
DA:41,1
DA:42,1
DA:43,1
DA:44,1
DA:45,1
DA:46,1
DA:47,1
DA:48,1
DA:49,0
DA:50,0
DA:51,0
DA:52,0
DA:53,1
DA:54,1
DA:55,1
DA:56,1
DA:57,1
DA:58,1
DA:59,1
DA:60,0
DA:61,0
DA:62,0
DA:63,0
DA:64,0
DA:65,0
DA:66,0
DA:67,0
DA:68,0
DA:69,0
DA:70,0
DA:71,0
DA:72,0
DA:73,0
DA:74,0
DA:75,0
DA:76,1
DA:77,1
DA:78,1
DA:79,1
DA:80,1
DA:81,1
DA:82,1
DA:83,1
DA:84,3
DA:85,3
DA:86,3
DA:87,1
DA:88,1
DA:89,3
DA:90,0
DA:91,0
DA:92,3
DA:93,1
DA:94,3
DA:95,1
DA:96,1
DA:97,1
DA:98,1
DA:99,1
DA:100,1
DA:101,0
DA:102,0
DA:103,0
DA:104,1
DA:105,1
DA:106,1
DA:107,1
DA:108,1
DA:109,1
DA:110,1
DA:111,1
DA:112,1
DA:113,1
DA:114,1
DA:115,1
DA:116,1
DA:117,1
DA:118,1
DA:119,1
DA:120,1
DA:121,1
DA:122,1
DA:123,1
DA:124,317
DA:125,317
DA:126,317
DA:127,1
DA:128,1
DA:129,1
DA:130,16
DA:131,0
DA:132,0
DA:133,0
DA:134,0
DA:135,16
DA:136,1
DA:137,1
DA:138,1
DA:139,1
DA:140,1
DA:141,1
DA:142,0
DA:143,0
DA:144,0
DA:145,0
DA:146,0
DA:147,1
DA:148,1
DA:149,1
DA:150,1
DA:151,1
DA:152,1
DA:153,1
DA:154,1
DA:155,1
DA:156,1
DA:157,1
DA:158,1
DA:159,0
DA:160,0
DA:161,0
DA:162,0
DA:163,0
DA:164,1
DA:165,1
DA:166,1
DA:167,0
DA:168,0
DA:169,0
DA:170,0
DA:171,0
DA:172,0
DA:173,0
DA:174,0
DA:175,0
DA:176,1
DA:177,1
DA:178,0
DA:179,0
DA:180,0
DA:181,0
DA:182,0
DA:183,0
DA:184,0
DA:185,0
DA:186,0
DA:187,0
DA:188,0
DA:189,0
DA:190,1
DA:191,1
DA:192,1
DA:193,1
DA:194,1
DA:195,1
DA:196,1
DA:197,1
DA:198,1
DA:199,15
DA:200,15
DA:201,15
DA:202,1
DA:203,1
DA:204,1
DA:205,1
DA:206,1
DA:207,1
DA:208,1
DA:209,284
DA:210,284
DA:211,284
DA:212,0
DA:213,284
DA:214,1
DA:215,1
DA:216,284
DA:217,284
DA:218,284
DA:219,1
DA:220,1
DA:221,1
DA:222,1
DA:223,1
DA:224,1
DA:225,1
DA:226,1
DA:227,1
DA:228,1
DA:229,1
DA:230,1
DA:231,1
DA:232,1
DA:233,1
DA:234,1
DA:235,1
DA:236,1
DA:237,1
DA:238,0
DA:239,0
DA:240,0
DA:241,0
DA:242,0
DA:243,0
DA:244,0
DA:245,0
DA:246,0
DA:247,0
DA:248,0
DA:249,0
DA:250,0
DA:251,0
DA:252,0
DA:253,0
DA:254,0
DA:255,0
DA:256,0
DA:257,0
DA:258,0
DA:259,0
DA:260,0
DA:261,0
DA:262,0
DA:263,0
DA:264,0
DA:265,0
DA:266,0
DA:267,0
DA:268,0
DA:269,0
DA:270,0
DA:271,0
DA:272,0
DA:273,0
DA:274,0
DA:275,0
DA:276,0
DA:277,0
DA:278,0
DA:279,0
DA:280,0
DA:281,0
DA:282,0
DA:283,0
DA:284,0
DA:285,0
DA:286,0
DA:287,0
DA:288,0
DA:289,0
DA:290,1
DA:291,1
DA:292,1
DA:293,1
DA:294,1
DA:295,1
DA:296,1
DA:297,1
DA:298,0
DA:299,0
DA:300,0
DA:301,0
DA:302,0
DA:303,0
DA:304,0
DA:305,0
DA:306,0
DA:307,0
DA:308,0
DA:309,0
DA:310,0
DA:311,0
DA:312,0
DA:313,0
DA:314,0
DA:315,0
DA:316,0
DA:317,0
DA:318,0
DA:319,0
DA:320,0
DA:321,0
DA:322,0
DA:323,0
DA:324,0
DA:325,0
DA:326,0
DA:327,0
DA:328,0
DA:329,0
DA:330,0
DA:331,0
DA:332,0
DA:333,0
DA:334,0
DA:335,0
DA:336,0
DA:337,0
DA:338,0
DA:339,0
DA:340,0
DA:341,0
DA:342,0
DA:343,0
DA:344,0
DA:345,0
DA:346,1
DA:347,1
DA:348,1
DA:349,1
DA:350,1
DA:351,1
DA:352,1
DA:353,1
DA:354,1
DA:355,1
DA:356,1
DA:357,1
DA:358,1
DA:359,1
DA:360,1
DA:361,1
DA:362,1
DA:363,1
DA:364,1
DA:365,1
DA:366,1
DA:367,1
DA:368,1
DA:369,1
DA:370,1
DA:371,0
DA:372,0
DA:373,0
DA:374,0
DA:375,0
DA:376,0
DA:377,0
DA:378,0
DA:379,0
DA:380,1
DA:381,1
DA:382,1
DA:383,1
DA:384,0
DA:385,1
DA:386,0
DA:387,0
DA:388,0
DA:389,0
DA:390,0
DA:391,0
DA:392,0
DA:393,1
DA:394,0
DA:395,0
DA:396,0
DA:397,0
DA:398,0
DA:399,0
DA:400,0
DA:401,0
DA:402,1
LF:402
LH:216
BRDA:348,0,0,0
BRDA:1,1,0,17
BRDA:1,2,0,1
BRDA:1,3,0,10
BRDA:1,4,0,3
BRDA:1,5,0,0
BRDA:1,6,0,135
BRDA:1,7,0,304
BRDA:1,8,0,2
BRDA:1,9,0,0
BRDA:1,10,0,0
BRDA:1,11,0,1
BRDA:1,12,0,1
BRDA:1,13,0,15
BRDA:1,14,0,284
BRDA:1,15,0,3
BRDA:1,16,0,1
BRDA:83,17,0,3
BRDA:84,18,0,0
BRDA:85,19,0,2
BRDA:86,20,0,1
BRDA:89,21,0,0
BRDA:92,22,0,1
BRDA:124,23,0,317
BRDA:129,24,0,16
BRDA:130,25,0,0
BRDA:156,26,0,1
BRDA:158,27,0,0
BRDA:192,28,0,1
BRDA:198,29,0,15
BRDA:208,30,0,284
BRDA:210,31,0,0
BRDA:211,32,0,0
BRDA:215,33,0,284
BRDA:217,34,0,0
BRDA:348,35,0,1
BRDA:353,36,0,0
BRDA:366,37,0,0
BRDA:370,38,0,0
BRDA:380,39,0,0
BRDA:383,40,0,0
BRDA:385,41,0,0
BRDA:393,42,0,0
BRF:43
BRH:25
end_of_record
TN:
SF:src\core\modules\loader.ts
FN:1,__name
FN:1,__export
FN:1,__copyProps
FN:1,get
FN:1,__toESM
FN:1,__toCommonJS
FN:1,CORE_VERSION
FN:1,collectMenu
FN:1,filterModuleMenu
FN:1,loadModules
FN:1,registerCapabilities
FN:15,validateManifest
FN:22,satisfiesCore
FN:34,findManifest
FN:49,importFile
FN:53,importRouter
FN:63,registerInDb
FN:85,registerCapabilities
FN:98,registerPermissions
FN:125,collectMenu
FN:134,filterModuleMenu
FN:144,requireModuleEntitlement
FN:171,topologicalSort
FN:176,visit
FN:190,loadModules
FNF:25
FNH:23
FNDA:14,__name
FNDA:1,__export
FNDA:3,__copyProps
FNDA:3,get
FNDA:2,__toESM
FNDA:1,__toCommonJS
FNDA:0,CORE_VERSION
FNDA:1,collectMenu
FNDA:1,filterModuleMenu
FNDA:1,loadModules
FNDA:0,registerCapabilities
FNDA:7,validateManifest
FNDA:7,satisfiesCore
FNDA:7,findManifest
FNDA:24,importFile
FNDA:13,importRouter
FNDA:7,registerInDb
FNDA:7,registerCapabilities
FNDA:7,registerPermissions
FNDA:1,collectMenu
FNDA:15,filterModuleMenu
FNDA:13,requireModuleEntitlement
FNDA:1,topologicalSort
FNDA:9,visit
FNDA:1,loadModules
DA:1,1
DA:2,1
DA:3,1
DA:4,1
DA:5,1
DA:6,1
DA:7,1
DA:8,1
DA:9,1
DA:10,1
DA:11,1
DA:12,1
DA:13,1
DA:14,1
DA:15,7
DA:16,7
DA:17,28
DA:18,28
DA:19,7
DA:20,1
DA:21,1
DA:22,7
DA:23,7
DA:24,7
DA:25,7
DA:26,7
DA:27,7
DA:28,21
DA:29,21
DA:30,21
DA:31,7
DA:32,7
DA:33,1
DA:34,7
DA:35,7
DA:36,7
DA:37,7
DA:38,7
DA:39,7
DA:40,7
DA:41,1
DA:42,1
DA:43,1
DA:44,1
DA:45,1
DA:46,1
DA:47,1
DA:48,1
DA:49,24
DA:50,24
DA:51,24
DA:52,1
DA:53,13
DA:54,13
DA:55,13
DA:56,13
DA:57,13
DA:58,13
DA:59,13
DA:60,13
DA:61,1
DA:62,1
DA:63,7
DA:64,7
DA:65,7
DA:66,7
DA:67,7
DA:68,7
DA:69,7
DA:70,7
DA:71,7
DA:72,7
DA:73,7
DA:74,7
DA:75,7
DA:76,7
DA:77,7
DA:78,7
DA:79,7
DA:80,7
DA:81,7
DA:82,7
DA:83,1
DA:84,1
DA:85,1
DA:86,7
DA:87,7
DA:88,4
DA:89,4
DA:90,4
DA:91,4
DA:92,7
DA:93,9
DA:94,9
DA:95,7
DA:96,1
DA:97,1
DA:98,7
DA:99,7
DA:100,7
DA:101,7
DA:102,7
DA:103,7
DA:104,7
DA:105,7
DA:106,7
DA:107,7
DA:108,7
DA:109,7
DA:110,7
DA:111,7
DA:112,7
DA:113,0
DA:114,7
DA:115,68
DA:116,68
DA:117,68
DA:118,68
DA:119,68
DA:120,7
DA:121,1
DA:122,1
DA:123,1
DA:124,1
DA:125,1
DA:126,1
DA:127,1
DA:128,1
DA:129,1
DA:130,1
DA:131,1
DA:132,1
DA:133,1
DA:134,1
DA:135,15
DA:136,15
DA:137,15
DA:138,15
DA:139,1
DA:140,1
DA:141,1
DA:142,1
DA:143,1
DA:144,13
DA:145,13
DA:146,14
DA:147,14
DA:148,14
DA:149,14
DA:150,14
DA:151,0
DA:152,0
DA:153,0
DA:154,0
DA:155,14
DA:156,13
DA:157,1
DA:158,1
DA:159,1
DA:160,1
DA:161,1
DA:162,1
DA:163,1
DA:164,1
DA:165,1
DA:166,1
DA:167,1
DA:168,1
DA:169,1
DA:170,1
DA:171,1
DA:172,1
DA:173,1
DA:174,1
DA:175,1
DA:176,1
DA:177,9
DA:178,9
DA:179,9
DA:180,2
DA:181,2
DA:182,2
DA:183,9
DA:184,9
DA:185,1
DA:186,1
DA:187,1
DA:188,1
DA:189,1
DA:190,1
DA:191,1
DA:192,1
DA:193,1
DA:194,1
DA:195,1
DA:196,1
DA:197,7
DA:198,7
DA:199,7
DA:200,7
DA:201,7
DA:202,7
DA:203,7
DA:204,7
DA:205,7
DA:206,7
DA:207,0
DA:208,0
DA:209,0
DA:210,7
DA:211,7
DA:212,7
DA:213,1
DA:214,1
DA:215,1
DA:216,1
DA:217,1
DA:218,1
DA:219,7
DA:220,7
DA:221,4
DA:222,4
DA:223,4
DA:224,4
DA:225,4
DA:226,4
DA:227,4
DA:228,7
DA:229,7
DA:230,7
DA:231,7
DA:232,7
DA:233,7
DA:234,7
DA:235,7
DA:236,7
DA:237,7
DA:238,7
DA:239,7
DA:240,7
DA:241,7
DA:242,7
DA:243,7
DA:244,1
DA:245,1
LF:245
LH:237
BRDA:190,0,0,0
BRDA:1,1,0,14
BRDA:1,2,0,1
BRDA:1,3,0,5
BRDA:1,4,0,3
BRDA:1,5,0,0
BRDA:1,6,0,130
BRDA:1,7,0,3
BRDA:1,8,0,2
BRDA:1,9,0,0
BRDA:1,10,0,0
BRDA:1,11,0,1
BRDA:1,12,0,1
BRDA:1,13,0,1
BRDA:1,14,0,1
BRDA:15,15,0,7
BRDA:16,16,0,28
BRDA:17,17,0,0
BRDA:22,18,0,7
BRDA:24,19,0,0
BRDA:27,20,0,21
BRDA:28,21,0,0
BRDA:29,22,0,0
BRDA:34,23,0,7
BRDA:39,24,0,0
BRDA:49,25,0,24
BRDA:53,26,0,13
BRDA:54,27,0,0
BRDA:57,28,0,0
BRDA:59,29,0,0
BRDA:56,30,0,26
BRDA:63,31,0,7
BRDA:78,32,0,0
BRDA:85,33,0,7
BRDA:86,34,0,4
BRDA:86,35,0,3
BRDA:87,36,0,4
BRDA:92,37,0,9
BRDA:98,38,0,7
BRDA:99,39,0,0
BRDA:112,40,0,0
BRDA:114,41,0,68
BRDA:115,42,0,1
BRDA:115,43,0,67
BRDA:116,44,0,1
BRDA:116,45,0,67
BRDA:125,46,0,1
BRDA:126,47,0,7
BRDA:126,48,0,0
BRDA:126,49,0,18
BRDA:134,50,0,15
BRDA:135,51,0,0
BRDA:136,52,0,270
BRDA:144,53,0,13
BRDA:145,54,0,14
BRDA:150,55,0,0
BRDA:171,56,0,1
BRDA:186,57,0,7
BRDA:174,58,0,7
BRDA:176,59,0,9
BRDA:177,60,0,2
BRDA:178,61,0,7
BRDA:179,62,0,6
BRDA:179,63,0,2
BRDA:183,64,0,7
BRDA:190,65,0,1
BRDA:191,66,0,0
BRDA:196,67,0,7
BRDA:197,68,0,0
BRDA:200,69,0,0
BRDA:203,70,0,0
BRDA:206,71,0,0
BRDA:218,72,0,7
BRDA:220,73,0,4
BRDA:225,74,0,0
BRDA:229,75,0,0
BRDA:232,76,0,6
BRDA:232,77,0,1
BRDA:233,78,0,6
BRDA:235,79,0,6
BRDA:235,80,0,1
BRDA:222,81,0,8
BRF:82
BRH:57
end_of_record
TN:
SF:src\core\permissions\middleware.ts
FN:1,__name
FN:1,__export
FN:1,__copyProps
FN:1,get
FN:1,__toCommonJS
FN:1,requireAnyPermission
FN:1,requirePermission
FN:9,requirePermission
FN:29,requireAnyPermission
FNF:9
FNH:9
FNDA:2,__name
FNDA:1,__export
FNDA:1,__copyProps
FNDA:175,get
FNDA:1,__toCommonJS
FNDA:1,requireAnyPermission
FNDA:174,requirePermission
FNDA:174,requirePermission
FNDA:1,requireAnyPermission
DA:1,174
DA:2,1
DA:3,1
DA:4,1
DA:5,1
DA:6,1
DA:7,1
DA:8,1
DA:9,1
DA:10,174
DA:11,14
DA:12,0
DA:13,0
DA:14,0
DA:15,14
DA:16,0
DA:17,0
DA:18,0
DA:19,0
DA:20,14
DA:21,14
DA:22,174
DA:23,1
DA:24,1
DA:25,1
DA:26,1
DA:27,1
DA:28,1
DA:29,1
DA:30,1
DA:31,0
DA:32,0
DA:33,0
DA:34,0
DA:35,0
DA:36,0
DA:37,0
DA:38,0
DA:39,0
DA:40,0
DA:41,0
DA:42,0
DA:43,1
LF:43
LH:24
BRDA:29,0,0,0
BRDA:1,1,0,2
BRDA:1,2,0,1
BRDA:1,3,0,2
BRDA:1,4,0,1
BRDA:1,5,0,0
BRDA:1,6,0,2
BRDA:1,7,0,175
BRDA:1,8,0,1
BRDA:1,9,0,1
BRDA:1,10,0,174
BRDA:9,11,0,174
BRDA:10,12,0,14
BRDA:11,13,0,0
BRDA:15,14,0,0
BRDA:29,15,0,1
BRF:16
BRH:12
end_of_record
TN:
SF:src\core\repositories\AuditRepository.ts
FN:1,__name
FN:1,__export
FN:1,__copyProps
FN:1,get
FN:1,__toCommonJS
FN:1,AuditRepository
FN:1,auditRepository
FN:1,<static_initializer>
FN:4,AuditRepository
FNF:9
FNH:8
FNDA:1,__name
FNDA:1,__export
FNDA:1,__copyProps
FNDA:13,get
FNDA:1,__toCommonJS
FNDA:0,AuditRepository
FNDA:13,auditRepository
FNDA:1,<static_initializer>
FNDA:1,AuditRepository
DA:1,1
DA:2,1
DA:3,1
DA:4,1
DA:5,1
DA:6,1
DA:7,1
DA:8,1
DA:9,1
LF:9
LH:9
BRDA:9,0,0,0
BRDA:1,1,0,1
BRDA:1,2,0,1
BRDA:1,3,0,2
BRDA:1,4,0,1
BRDA:1,5,0,0
BRDA:1,6,0,2
BRDA:1,7,0,13
BRDA:1,8,0,1
BRDA:1,9,0,13
BRDA:1,10,0,1
BRDA:4,11,0,1
BRF:12
BRH:10
end_of_record
TN:
SF:src\core\repositories\RoleRepository.ts
FN:1,__name
FN:1,__export
FN:1,__copyProps
FN:1,get
FN:1,__toCommonJS
FN:1,RoleRepository
FN:1,roleRepository
FN:1,<static_initializer>
FN:4,RoleRepository
FN:8,findBySlug
FN:12,listSlugs
FNF:11
FNH:6
FNDA:1,__name
FNDA:1,__export
FNDA:1,__copyProps
FNDA:0,get
FNDA:1,__toCommonJS
FNDA:0,RoleRepository
FNDA:0,roleRepository
FNDA:1,<static_initializer>
FNDA:1,RoleRepository
FNDA:0,findBySlug
FNDA:0,listSlugs
DA:1,1
DA:2,1
DA:3,1
DA:4,1
DA:5,1
DA:6,1
DA:7,1
DA:8,1
DA:9,0
DA:10,0
DA:11,1
DA:12,1
DA:13,0
DA:14,0
DA:15,1
DA:16,1
DA:17,1
LF:17
LH:13
BRDA:17,0,0,0
BRDA:1,1,0,1
BRDA:1,2,0,1
BRDA:1,3,0,2
BRDA:1,4,0,1
BRDA:1,5,0,0
BRDA:1,6,0,2
BRDA:1,7,0,1
BRDA:1,8,0,1
BRDA:4,9,0,1
BRF:10
BRH:8
end_of_record
TN:
SF:src\core\repositories\SettingsRepository.ts
FN:1,__name
FN:1,__export
FN:1,__copyProps
FN:1,get
FN:1,__toCommonJS
FN:1,SettingsRepository
FN:1,settingsRepository
FN:1,<static_initializer>
FN:4,SettingsRepository
FN:8,get
FN:14,set
FN:23,getBool
FNF:12
FNH:10
FNDA:1,__name
FNDA:1,__export
FNDA:1,__copyProps
FNDA:5,get
FNDA:1,__toCommonJS
FNDA:0,SettingsRepository
FNDA:5,settingsRepository
FNDA:1,<static_initializer>
FNDA:1,SettingsRepository
FNDA:5,get
FNDA:0,set
FNDA:5,getBool
DA:1,1
DA:2,1
DA:3,1
DA:4,1
DA:5,1
DA:6,1
DA:7,1
DA:8,1
DA:9,5
DA:10,5
DA:11,5
DA:12,5
DA:13,1
DA:14,1
DA:15,0
DA:16,0
DA:17,0
DA:18,0
DA:19,0
DA:20,0
DA:21,0
DA:22,1
DA:23,1
DA:24,5
DA:25,5
DA:26,5
DA:27,1
DA:28,1
DA:29,1
LF:29
LH:22
BRDA:29,0,0,0
BRDA:1,1,0,1
BRDA:1,2,0,1
BRDA:1,3,0,2
BRDA:1,4,0,1
BRDA:1,5,0,0
BRDA:1,6,0,2
BRDA:1,7,0,5
BRDA:1,8,0,1
BRDA:1,9,0,5
BRDA:1,10,0,1
BRDA:4,11,0,1
BRDA:8,12,0,5
BRDA:11,13,0,0
BRDA:23,14,0,5
BRDA:25,15,0,0
BRF:16
BRH:12
end_of_record
TN:
SF:src\core\repositories\UserRepository.ts
FN:1,__name
FN:1,__export
FN:1,__copyProps
FN:1,get
FN:1,__toCommonJS
FN:1,UserRepository
FN:1,userRepository
FN:1,<static_initializer>
FN:15,UserRepository
FN:19,findByUsername
FN:23,findByUsernameWithPassword
FN:27,listWithRoles
FN:35,findByIdWithRole
FN:44,updateLastLogin
FNF:14
FNH:9
FNDA:1,__name
FNDA:1,__export
FNDA:1,__copyProps
FNDA:47,get
FNDA:1,__toCommonJS
FNDA:0,UserRepository
FNDA:47,userRepository
FNDA:1,<static_initializer>
FNDA:1,UserRepository
FNDA:0,findByUsername
FNDA:0,findByUsernameWithPassword
FNDA:0,listWithRoles
FNDA:0,findByIdWithRole
FNDA:1,updateLastLogin
DA:1,1
DA:2,1
DA:3,1
DA:4,1
DA:5,1
DA:6,1
DA:7,1
DA:8,1
DA:9,1
DA:10,1
DA:11,1
DA:12,1
DA:13,1
DA:14,1
DA:15,1
DA:16,1
DA:17,1
DA:18,1
DA:19,1
DA:20,0
DA:21,0
DA:22,1
DA:23,1
DA:24,0
DA:25,0
DA:26,1
DA:27,1
DA:28,0
DA:29,0
DA:30,0
DA:31,0
DA:32,0
DA:33,0
DA:34,1
DA:35,1
DA:36,0
DA:37,0
DA:38,0
DA:39,0
DA:40,0
DA:41,0
DA:42,0
DA:43,1
DA:44,1
DA:45,1
DA:46,1
DA:47,1
DA:48,1
DA:49,1
LF:49
LH:32
BRDA:49,0,0,0
BRDA:1,1,0,1
BRDA:1,2,0,1
BRDA:1,3,0,2
BRDA:1,4,0,1
BRDA:1,5,0,0
BRDA:1,6,0,2
BRDA:1,7,0,47
BRDA:1,8,0,1
BRDA:1,9,0,47
BRDA:1,10,0,1
BRDA:15,11,0,1
BRDA:44,12,0,1
BRF:13
BRH:11
end_of_record
TN:
SF:src\core\roles\routes.ts
FN:1,__name
FN:1,__export
FN:1,__copyProps
FN:1,get
FN:1,__toCommonJS
FN:1,default
FNF:6
FNH:6
FNDA:1,__name
FNDA:1,__export
FNDA:1,__copyProps
FNDA:1,get
FNDA:1,__toCommonJS
FNDA:1,default
DA:1,1
DA:2,1
DA:3,1
DA:4,1
DA:5,1
DA:6,1
DA:7,1
DA:8,1
DA:9,1
DA:10,1
DA:11,1
DA:12,0
DA:13,1
DA:14,1
DA:15,1
DA:16,0
DA:17,0
DA:18,0
DA:19,0
DA:20,0
DA:21,0
DA:22,0
DA:23,0
DA:24,0
DA:25,0
DA:26,0
DA:27,0
DA:28,0
DA:29,1
DA:30,1
DA:31,1
DA:32,0
DA:33,0
DA:34,0
DA:35,0
DA:36,0
DA:37,0
DA:38,0
DA:39,0
DA:40,0
DA:41,0
DA:42,0
DA:43,0
DA:44,0
DA:45,0
DA:46,0
DA:47,1
DA:48,1
DA:49,1
DA:50,1
DA:51,0
DA:52,0
DA:53,0
DA:54,0
DA:55,0
DA:56,0
DA:57,0
DA:58,0
DA:59,0
DA:60,0
DA:61,0
DA:62,0
DA:63,0
DA:64,0
DA:65,0
DA:66,0
DA:67,0
DA:68,0
DA:69,0
DA:70,0
DA:71,0
DA:72,0
DA:73,0
DA:74,0
DA:75,0
DA:76,0
DA:77,0
DA:78,0
DA:79,0
DA:80,1
DA:81,1
DA:82,1
DA:83,0
DA:84,0
DA:85,0
DA:86,0
DA:87,0
DA:88,0
DA:89,0
DA:90,0
DA:91,0
DA:92,0
DA:93,0
DA:94,0
DA:95,0
DA:96,0
DA:97,0
DA:98,0
DA:99,0
DA:100,0
DA:101,0
DA:102,1
DA:103,1
DA:104,1
LF:104
LH:27
BRDA:1,0,0,1
BRDA:1,1,0,1
BRDA:1,2,0,1
BRDA:1,3,0,0
BRDA:1,4,0,1
BRDA:1,5,0,1
BRDA:1,6,0,1
BRF:7
BRH:6
end_of_record
TN:
SF:src\core\security\routes.ts
FN:1,__export
FN:1,__copyProps
FN:1,get
FN:1,__toCommonJS
FN:1,default
FNF:5
FNH:5
FNDA:1,__export
FNDA:1,__copyProps
FNDA:1,get
FNDA:1,__toCommonJS
FNDA:1,default
DA:1,1
DA:2,1
DA:3,1
DA:4,1
DA:5,1
DA:6,1
DA:7,1
DA:8,1
DA:9,0
DA:10,1
DA:11,1
DA:12,1
DA:13,0
DA:14,0
DA:15,0
DA:16,0
DA:17,0
DA:18,0
DA:19,0
DA:20,1
DA:21,1
DA:22,1
DA:23,1
DA:24,1
DA:25,1
DA:26,1
DA:27,1
DA:28,0
DA:29,0
DA:30,0
DA:31,0
DA:32,0
DA:33,0
DA:34,1
DA:35,1
DA:36,1
LF:36
LH:22
BRDA:1,0,0,1
BRDA:1,1,0,1
BRDA:1,2,0,0
BRDA:1,3,0,1
BRDA:1,4,0,1
BRDA:1,5,0,1
BRF:6
BRH:5
end_of_record
TN:
SF:src\core\security\service.ts
FN:1,__name
FN:1,__export
FN:1,__copyProps
FN:1,get
FN:1,__toESM
FN:1,__toCommonJS
FN:1,pinConfigured
FN:1,setPin
FN:1,verifyPin
FN:13,pinConfigured
FN:18,setPin
FN:27,verifyPin
FNF:12
FNH:5
FNDA:3,__name
FNDA:1,__export
FNDA:2,__copyProps
FNDA:0,get
FNDA:1,__toESM
FNDA:1,__toCommonJS
FNDA:0,pinConfigured
FNDA:0,setPin
FNDA:0,verifyPin
FNDA:0,pinConfigured
FNDA:0,setPin
FNDA:0,verifyPin
DA:1,1
DA:2,1
DA:3,1
DA:4,1
DA:5,1
DA:6,1
DA:7,1
DA:8,1
DA:9,1
DA:10,1
DA:11,1
DA:12,1
DA:13,1
DA:14,0
DA:15,0
DA:16,0
DA:17,1
DA:18,1
DA:19,0
DA:20,0
DA:21,0
DA:22,0
DA:23,0
DA:24,0
DA:25,0
DA:26,1
DA:27,1
DA:28,0
DA:29,0
DA:30,0
DA:31,0
DA:32,0
LF:32
LH:17
BRDA:27,0,0,0
BRDA:1,1,0,3
BRDA:1,2,0,1
BRDA:1,3,0,3
BRDA:1,4,0,2
BRDA:1,5,0,0
BRDA:1,6,0,15
BRDA:1,7,0,1
BRDA:1,8,0,0
BRDA:1,9,0,0
BRDA:1,10,0,1
BRF:11
BRH:7
end_of_record
TN:
SF:src\core\services\registry.ts
FN:1,__name
FN:1,__export
FN:1,__copyProps
FN:1,get
FN:1,__toCommonJS
FN:1,clearServices
FN:1,getService
FN:1,hasService
FN:1,registerService
FN:10,registerService
FN:16,getService
FN:26,hasService
FN:31,clearServices
FNF:13
FNH:11
FNDA:4,__name
FNDA:1,__export
FNDA:1,__copyProps
FNDA:49,get
FNDA:1,__toCommonJS
FNDA:0,clearServices
FNDA:34,getService
FNDA:4,hasService
FNDA:11,registerService
FNDA:11,registerService
FNDA:34,getService
FNDA:4,hasService
FNDA:0,clearServices
DA:1,11
DA:2,1
DA:3,1
DA:4,1
DA:5,1
DA:6,1
DA:7,1
DA:8,1
DA:9,1
DA:10,1
DA:11,11
DA:12,11
DA:13,11
DA:14,1
DA:15,1
DA:16,1
DA:17,34
DA:18,34
DA:19,0
DA:20,0
DA:21,0
DA:22,0
DA:23,34
DA:24,34
DA:25,1
DA:26,1
DA:27,4
DA:28,4
DA:29,1
DA:30,1
DA:31,1
DA:32,0
DA:33,0
LF:33
LH:27
BRDA:31,0,0,0
BRDA:1,1,0,4
BRDA:1,2,0,1
BRDA:1,3,0,4
BRDA:1,4,0,1
BRDA:1,5,0,0
BRDA:1,6,0,4
BRDA:1,7,0,49
BRDA:1,8,0,1
BRDA:1,9,0,34
BRDA:1,10,0,4
BRDA:1,11,0,11
BRDA:10,12,0,11
BRDA:11,13,0,0
BRDA:16,14,0,34
BRDA:18,15,0,0
BRDA:26,16,0,4
BRF:17
BRH:13
end_of_record
TN:
SF:src\core\sync\client.ts
FN:1,__name
FN:1,__export
FN:1,__copyProps
FN:1,get
FN:1,__toCommonJS
FN:1,pullBatch
FN:1,pushBatch
FN:10,baseUrl
FN:16,authHeaders
FN:29,pushBatch
FN:40,pullBatch
FNF:11
FNH:4
FNDA:4,__name
FNDA:1,__export
FNDA:1,__copyProps
FNDA:0,get
FNDA:1,__toCommonJS
FNDA:0,pullBatch
FNDA:0,pushBatch
FNDA:0,baseUrl
FNDA:0,authHeaders
FNDA:0,pushBatch
FNDA:0,pullBatch
DA:1,1
DA:2,1
DA:3,1
DA:4,1
DA:5,1
DA:6,1
DA:7,1
DA:8,1
DA:9,1
DA:10,0
DA:11,0
DA:12,0
DA:13,0
DA:14,0
DA:15,1
DA:16,0
DA:17,0
DA:18,0
DA:19,0
DA:20,0
DA:21,0
DA:22,0
DA:23,0
DA:24,0
DA:25,0
DA:26,0
DA:27,1
DA:28,1
DA:29,0
DA:30,0
DA:31,0
DA:32,0
DA:33,0
DA:34,0
DA:35,0
DA:36,0
DA:37,0
DA:38,1
DA:39,1
DA:40,0
DA:41,0
DA:42,0
DA:43,0
DA:44,0
DA:45,0
LF:45
LH:14
BRDA:40,0,0,0
BRDA:1,1,0,4
BRDA:1,2,0,1
BRDA:1,3,0,2
BRDA:1,4,0,1
BRDA:1,5,0,0
BRDA:1,6,0,2
BRDA:1,7,0,1
BRF:8
BRH:6
end_of_record
TN:
SF:src\core\sync\engine.ts
FN:1,__name
FN:1,__export
FN:1,__copyProps
FN:1,get
FN:1,__toCommonJS
FN:1,collectOutgoingBatch
FN:1,runSync
FN:1,<static_initializer>
FN:29,db
FN:33,nowIso
FN:37,isLedger
FN:42,effectiveForeignKeys
FN:57,collectDirtyRows
FN:69,buildChildPayload
FN:81,buildOutgoingPayload
FN:98,collectOutgoingBatch
FN:116,markSynced
FN:134,payloadToRowValues
FN:153,applyChildren
FN:188,placeholdersForExcluded
FN:201,insertNewRow
FN:221,updateRow
FN:255,applyIncomingRecord
FN:275,applyIncomingBatch
FN:314,pushAll
FN:326,pullAll
FN:338,runSync
FNF:27
FNH:5
FNDA:20,__name
FNDA:1,__export
FNDA:1,__copyProps
FNDA:0,get
FNDA:1,__toCommonJS
FNDA:0,collectOutgoingBatch
FNDA:0,runSync
FNDA:1,<static_initializer>
FNDA:0,db
FNDA:0,nowIso
FNDA:0,isLedger
FNDA:0,effectiveForeignKeys
FNDA:0,collectDirtyRows
FNDA:0,buildChildPayload
FNDA:0,buildOutgoingPayload
FNDA:0,collectOutgoingBatch
FNDA:0,markSynced
FNDA:0,payloadToRowValues
FNDA:0,applyChildren
FNDA:0,placeholdersForExcluded
FNDA:0,insertNewRow
FNDA:0,updateRow
FNDA:0,applyIncomingRecord
FNDA:0,applyIncomingBatch
FNDA:0,pushAll
FNDA:0,pullAll
FNDA:0,runSync
DA:1,1
DA:2,1
DA:3,1
DA:4,1
DA:5,1
DA:6,1
DA:7,1
DA:8,1
DA:9,1
DA:10,1
DA:11,1
DA:12,1
DA:13,1
DA:14,1
DA:15,1
DA:16,1
DA:17,1
DA:18,1
DA:19,1
DA:20,1
DA:21,1
DA:22,1
DA:23,1
DA:24,1
DA:25,1
DA:26,1
DA:27,1
DA:28,1
DA:29,0
DA:30,0
DA:31,0
DA:32,1
DA:33,0
DA:34,0
DA:35,0
DA:36,1
DA:37,0
DA:38,0
DA:39,0
DA:40,1
DA:41,1
DA:42,0
DA:43,0
DA:44,0
DA:45,0
DA:46,0
DA:47,0
DA:48,0
DA:49,0
DA:50,1
DA:51,1
DA:52,1
DA:53,1
DA:54,1
DA:55,1
DA:56,1
DA:57,0
DA:58,0
DA:59,0
DA:60,0
DA:61,0
DA:62,0
DA:63,0
DA:64,0
DA:65,0
DA:66,0
DA:67,0
DA:68,1
DA:69,0
DA:70,0
DA:71,0
DA:72,0
DA:73,0
DA:74,0
DA:75,0
DA:76,0
DA:77,0
DA:78,0
DA:79,0
DA:80,1
DA:81,0
DA:82,0
DA:83,0
DA:84,0
DA:85,0
DA:86,0
DA:87,0
DA:88,0
DA:89,0
DA:90,0
DA:91,0
DA:92,0
DA:93,0
DA:94,0
DA:95,0
DA:96,1
DA:97,1
DA:98,1
DA:99,0
DA:100,0
DA:101,0
DA:102,0
DA:103,0
DA:104,0
DA:105,0
DA:106,0
DA:107,0
DA:108,0
DA:109,0
DA:110,0
DA:111,0
DA:112,0
DA:113,0
DA:114,0
DA:115,1
DA:116,0
DA:117,0
DA:118,0
DA:119,0
DA:120,0
DA:121,0
DA:122,0
DA:123,0
DA:124,0
DA:125,0
DA:126,0
DA:127,0
DA:128,1
DA:129,1
DA:130,1
DA:131,1
DA:132,1
DA:133,1
DA:134,0
DA:135,0
DA:136,0
DA:137,0
DA:138,0
DA:139,0
DA:140,0
DA:141,0
DA:142,0
DA:143,0
DA:144,0
DA:145,0
DA:146,0
DA:147,0
DA:148,0
DA:149,0
DA:150,0
DA:151,0
DA:152,1
DA:153,0
DA:154,0
DA:155,0
DA:156,0
DA:157,0
DA:158,0
DA:159,0
DA:160,0
DA:161,0
DA:162,0
DA:163,0
DA:164,0
DA:165,0
DA:166,0
DA:167,0
DA:168,0
DA:169,0
DA:170,0
DA:171,0
DA:172,0
DA:173,0
DA:174,0
DA:175,0
DA:176,0
DA:177,0
DA:178,0
DA:179,0
DA:180,0
DA:181,1
DA:182,1
DA:183,1
DA:184,1
DA:185,1
DA:186,1
DA:187,1
DA:188,0
DA:189,0
DA:190,0
DA:191,0
DA:192,0
DA:193,0
DA:194,0
DA:195,0
DA:196,0
DA:197,0
DA:198,0
DA:199,0
DA:200,1
DA:201,0
DA:202,0
DA:203,0
DA:204,0
DA:205,0
DA:206,0
DA:207,0
DA:208,0
DA:209,0
DA:210,0
DA:211,0
DA:212,0
DA:213,0
DA:214,0
DA:215,0
DA:216,0
DA:217,0
DA:218,0
DA:219,0
DA:220,1
DA:221,0
DA:222,0
DA:223,0
DA:224,0
DA:225,0
DA:226,0
DA:227,0
DA:228,0
DA:229,0
DA:230,0
DA:231,0
DA:232,0
DA:233,0
DA:234,0
DA:235,0
DA:236,0
DA:237,0
DA:238,0
DA:239,0
DA:240,0
DA:241,0
DA:242,0
DA:243,0
DA:244,0
DA:245,0
DA:246,0
DA:247,0
DA:248,0
DA:249,0
DA:250,0
DA:251,0
DA:252,1
DA:253,1
DA:254,1
DA:255,0
DA:256,0
DA:257,0
DA:258,0
DA:259,0
DA:260,0
DA:261,0
DA:262,0
DA:263,0
DA:264,0
DA:265,0
DA:266,0
DA:267,0
DA:268,0
DA:269,0
DA:270,0
DA:271,0
DA:272,0
DA:273,0
DA:274,1
DA:275,0
DA:276,0
DA:277,0
DA:278,0
DA:279,0
DA:280,0
DA:281,0
DA:282,0
DA:283,0
DA:284,0
DA:285,0
DA:286,0
DA:287,0
DA:288,0
DA:289,0
DA:290,0
DA:291,0
DA:292,0
DA:293,0
DA:294,0
DA:295,0
DA:296,0
DA:297,0
DA:298,0
DA:299,0
DA:300,0
DA:301,0
DA:302,0
DA:303,0
DA:304,0
DA:305,0
DA:306,0
DA:307,0
DA:308,0
DA:309,1
DA:310,1
DA:311,1
DA:312,1
DA:313,1
DA:314,0
DA:315,0
DA:316,0
DA:317,0
DA:318,0
DA:319,0
DA:320,0
DA:321,0
DA:322,0
DA:323,0
DA:324,0
DA:325,1
DA:326,0
DA:327,0
DA:328,0
DA:329,0
DA:330,0
DA:331,0
DA:332,0
DA:333,0
DA:334,0
DA:335,0
DA:336,0
DA:337,1
DA:338,0
DA:339,0
DA:340,0
DA:341,0
DA:342,0
DA:343,0
DA:344,0
DA:345,0
DA:346,0
DA:347,0
DA:348,0
DA:349,0
DA:350,0
LF:350
LH:72
BRDA:338,0,0,0
BRDA:1,1,0,20
BRDA:1,2,0,1
BRDA:1,3,0,2
BRDA:1,4,0,1
BRDA:1,5,0,0
BRDA:1,6,0,2
BRDA:1,7,0,1
BRDA:1,8,0,1
BRF:9
BRH:7
end_of_record
TN:
SF:src\core\sync\introspect.ts
FN:1,__name
FN:1,__export
FN:1,__copyProps
FN:1,get
FN:1,__toCommonJS
FN:1,anyExistingId
FN:1,foreignKeyTargets
FN:1,getIdByUuid
FN:1,getRowById
FN:1,getRowByUuid
FN:1,getUuidById
FN:1,tableColumns
FN:27,tableColumns
FN:42,getRowByUuid
FN:48,getRowById
FN:54,getUuidById
FN:62,getIdByUuid
FN:78,foreignKeyTargets
FN:87,anyExistingId
FNF:19
FNH:4
FNDA:7,__name
FNDA:1,__export
FNDA:1,__copyProps
FNDA:0,get
FNDA:1,__toCommonJS
FNDA:0,anyExistingId
FNDA:0,foreignKeyTargets
FNDA:0,getIdByUuid
FNDA:0,getRowById
FNDA:0,getRowByUuid
FNDA:0,getUuidById
FNDA:0,tableColumns
FNDA:0,tableColumns
FNDA:0,getRowByUuid
FNDA:0,getRowById
FNDA:0,getUuidById
FNDA:0,getIdByUuid
FNDA:0,foreignKeyTargets
FNDA:0,anyExistingId
DA:1,1
DA:2,1
DA:3,1
DA:4,1
DA:5,1
DA:6,1
DA:7,1
DA:8,1
DA:9,1
DA:10,1
DA:11,1
DA:12,1
DA:13,1
DA:14,1
DA:15,1
DA:16,1
DA:17,1
DA:18,1
DA:19,1
DA:20,1
DA:21,1
DA:22,1
DA:23,1
DA:24,1
DA:25,1
DA:26,1
DA:27,1
DA:28,0
DA:29,0
DA:30,0
DA:31,0
DA:32,0
DA:33,0
DA:34,0
DA:35,0
DA:36,0
DA:37,0
DA:38,0
DA:39,0
DA:40,0
DA:41,1
DA:42,1
DA:43,0
DA:44,0
DA:45,0
DA:46,0
DA:47,1
DA:48,1
DA:49,0
DA:50,0
DA:51,0
DA:52,0
DA:53,1
DA:54,1
DA:55,0
DA:56,0
DA:57,0
DA:58,0
DA:59,0
DA:60,0
DA:61,1
DA:62,1
DA:63,0
DA:64,0
DA:65,0
DA:66,0
DA:67,0
DA:68,0
DA:69,1
DA:70,1
DA:71,1
DA:72,1
DA:73,1
DA:74,1
DA:75,1
DA:76,1
DA:77,1
DA:78,1
DA:79,0
DA:80,0
DA:81,0
DA:82,0
DA:83,0
DA:84,0
DA:85,1
DA:86,1
DA:87,1
DA:88,0
DA:89,0
DA:90,0
LF:90
LH:48
BRDA:87,0,0,0
BRDA:1,1,0,7
BRDA:1,2,0,1
BRDA:1,3,0,7
BRDA:1,4,0,1
BRDA:1,5,0,0
BRDA:1,6,0,7
BRDA:1,7,0,1
BRF:8
BRH:6
end_of_record
TN:
SF:src\core\sync\registry.ts
FN:1,__name
FN:1,__export
FN:1,__copyProps
FN:1,get
FN:1,__toCommonJS
FN:1,clearSyncRegistry
FN:1,getRecomputeHook
FN:1,getSyncTableByName
FN:1,getSyncTables
FN:1,registerRecomputeHook
FN:1,registerSyncTables
FN:14,registerSyncTables
FN:22,getSyncTables
FN:26,getSyncTableByName
FN:31,registerRecomputeHook
FN:35,getRecomputeHook
FN:40,clearSyncRegistry
FNF:17
FNH:9
FNDA:6,__name
FNDA:1,__export
FNDA:1,__copyProps
FNDA:11,get
FNDA:1,__toCommonJS
FNDA:0,clearSyncRegistry
FNDA:0,getRecomputeHook
FNDA:0,getSyncTableByName
FNDA:0,getSyncTables
FNDA:3,registerRecomputeHook
FNDA:8,registerSyncTables
FNDA:8,registerSyncTables
FNDA:0,getSyncTables
FNDA:0,getSyncTableByName
FNDA:3,registerRecomputeHook
FNDA:0,getRecomputeHook
FNDA:0,clearSyncRegistry
DA:1,8
DA:2,1
DA:3,1
DA:4,1
DA:5,1
DA:6,1
DA:7,1
DA:8,1
DA:9,1
DA:10,1
DA:11,1
DA:12,1
DA:13,1
DA:14,1
DA:15,8
DA:16,31
DA:17,31
DA:18,31
DA:19,31
DA:20,8
DA:21,1
DA:22,1
DA:23,0
DA:24,0
DA:25,1
DA:26,1
DA:27,0
DA:28,0
DA:29,1
DA:30,1
DA:31,1
DA:32,3
DA:33,3
DA:34,1
DA:35,1
DA:36,0
DA:37,0
DA:38,1
DA:39,1
DA:40,1
DA:41,0
DA:42,0
DA:43,0
LF:43
LH:34
BRDA:40,0,0,0
BRDA:1,1,0,6
BRDA:1,2,0,1
BRDA:1,3,0,6
BRDA:1,4,0,1
BRDA:1,5,0,0
BRDA:1,6,0,6
BRDA:1,7,0,11
BRDA:1,8,0,1
BRDA:1,9,0,3
BRDA:1,10,0,8
BRDA:14,11,0,8
BRDA:15,12,0,1
BRDA:15,13,0,31
BRDA:17,14,0,0
BRDA:31,15,0,3
BRF:16
BRH:13
end_of_record
TN:
SF:src\core\sync\routes.ts
FN:1,__export
FN:1,__copyProps
FN:1,get
FN:1,__toCommonJS
FN:1,default
FNF:5
FNH:5
FNDA:1,__export
FNDA:1,__copyProps
FNDA:1,get
FNDA:1,__toCommonJS
FNDA:1,default
DA:1,1
DA:2,1
DA:3,1
DA:4,1
DA:5,1
DA:6,1
DA:7,1
DA:8,1
DA:9,1
DA:10,1
DA:11,1
DA:12,1
DA:13,1
DA:14,1
DA:15,1
DA:16,1
DA:17,0
DA:18,0
DA:19,0
DA:20,0
DA:21,0
DA:22,0
DA:23,0
DA:24,0
DA:25,0
DA:26,0
DA:27,0
DA:28,0
DA:29,1
DA:30,1
DA:31,1
DA:32,1
DA:33,0
DA:34,0
DA:35,0
DA:36,0
DA:37,0
DA:38,0
DA:39,0
DA:40,0
DA:41,0
DA:42,0
DA:43,0
DA:44,0
DA:45,0
DA:46,0
DA:47,1
DA:48,1
DA:49,1
LF:49
LH:23
BRDA:1,0,0,1
BRDA:1,1,0,1
BRDA:1,2,0,0
BRDA:1,3,0,1
BRDA:1,4,0,1
BRDA:1,5,0,1
BRF:6
BRH:5
end_of_record
TN:
SF:src\core\users\routes.ts
FN:1,__export
FN:1,__copyProps
FN:1,get
FN:1,__toCommonJS
FN:1,default
FNF:5
FNH:5
FNDA:1,__export
FNDA:1,__copyProps
FNDA:1,get
FNDA:1,__toCommonJS
FNDA:1,default
DA:1,1
DA:2,1
DA:3,1
DA:4,1
DA:5,1
DA:6,1
DA:7,1
DA:8,1
DA:9,1
DA:10,1
DA:11,1
DA:12,1
DA:13,0
DA:14,1
DA:15,1
DA:16,1
DA:17,0
DA:18,1
DA:19,1
DA:20,1
DA:21,0
DA:22,0
DA:23,0
DA:24,0
DA:25,0
DA:26,0
DA:27,0
DA:28,0
DA:29,0
DA:30,0
DA:31,0
DA:32,0
DA:33,0
DA:34,0
DA:35,0
DA:36,0
DA:37,0
DA:38,0
DA:39,0
DA:40,0
DA:41,0
DA:42,0
DA:43,0
DA:44,0
DA:45,0
DA:46,0
DA:47,1
DA:48,1
DA:49,1
DA:50,0
DA:51,0
DA:52,0
DA:53,0
DA:54,0
DA:55,0
DA:56,0
DA:57,0
DA:58,0
DA:59,0
DA:60,0
DA:61,0
DA:62,0
DA:63,0
DA:64,0
DA:65,0
DA:66,0
DA:67,0
DA:68,0
DA:69,0
DA:70,0
DA:71,0
DA:72,0
DA:73,0
DA:74,0
DA:75,0
DA:76,0
DA:77,0
DA:78,0
DA:79,0
DA:80,0
DA:81,0
DA:82,0
DA:83,0
DA:84,0
DA:85,0
DA:86,0
DA:87,1
DA:88,1
DA:89,1
DA:90,0
DA:91,0
DA:92,0
DA:93,0
DA:94,0
DA:95,0
DA:96,0
DA:97,0
DA:98,0
DA:99,0
DA:100,0
DA:101,0
DA:102,0
DA:103,1
DA:104,1
DA:105,1
DA:106,0
DA:107,0
DA:108,0
DA:109,0
DA:110,0
DA:111,0
DA:112,0
DA:113,0
DA:114,0
DA:115,0
DA:116,0
DA:117,0
DA:118,0
DA:119,0
DA:120,0
DA:121,0
DA:122,0
DA:123,0
DA:124,0
DA:125,0
DA:126,0
DA:127,0
DA:128,0
DA:129,0
DA:130,1
DA:131,1
DA:132,1
LF:132
LH:30
BRDA:1,0,0,1
BRDA:1,1,0,1
BRDA:1,2,0,0
BRDA:1,3,0,1
BRDA:1,4,0,1
BRDA:1,5,0,1
BRF:6
BRH:5
end_of_record
TN:
SF:src\modules\comandas\comandas.ts
FN:1,__name
FN:1,__export
FN:1,__copyProps
FN:1,get
FN:1,__toCommonJS
FN:1,addItem
FN:1,cancelComanda
FN:1,closeComanda
FN:1,merge
FN:1,openComanda
FN:1,split
FN:1,transfer
FN:1,voidItem
FN:24,openComanda
FN:49,addItem
FN:89,voidItem
FN:98,transfer
FN:120,split
FN:143,merge
FN:158,closeComanda
FN:189,cancelComanda
FNF:21
FNH:4
FNDA:8,__name
FNDA:1,__export
FNDA:1,__copyProps
FNDA:0,get
FNDA:1,__toCommonJS
FNDA:0,addItem
FNDA:0,cancelComanda
FNDA:0,closeComanda
FNDA:0,merge
FNDA:0,openComanda
FNDA:0,split
FNDA:0,transfer
FNDA:0,voidItem
FNDA:0,openComanda
FNDA:0,addItem
FNDA:0,voidItem
FNDA:0,transfer
FNDA:0,split
FNDA:0,merge
FNDA:0,closeComanda
FNDA:0,cancelComanda
DA:1,1
DA:2,1
DA:3,1
DA:4,1
DA:5,1
DA:6,1
DA:7,1
DA:8,1
DA:9,1
DA:10,1
DA:11,1
DA:12,1
DA:13,1
DA:14,1
DA:15,1
DA:16,1
DA:17,1
DA:18,1
DA:19,1
DA:20,1
DA:21,1
DA:22,1
DA:23,1
DA:24,1
DA:25,0
DA:26,0
DA:27,0
DA:28,0
DA:29,0
DA:30,0
DA:31,0
DA:32,0
DA:33,0
DA:34,0
DA:35,0
DA:36,0
DA:37,0
DA:38,0
DA:39,0
DA:40,0
DA:41,0
DA:42,0
DA:43,0
DA:44,0
DA:45,0
DA:46,0
DA:47,0
DA:48,1
DA:49,1
DA:50,0
DA:51,0
DA:52,0
DA:53,0
DA:54,0
DA:55,0
DA:56,0
DA:57,0
DA:58,0
DA:59,0
DA:60,0
DA:61,0
DA:62,0
DA:63,0
DA:64,0
DA:65,0
DA:66,0
DA:67,0
DA:68,0
DA:69,0
DA:70,0
DA:71,0
DA:72,0
DA:73,0
DA:74,0
DA:75,0
DA:76,0
DA:77,0
DA:78,0
DA:79,0
DA:80,0
DA:81,0
DA:82,0
DA:83,0
DA:84,0
DA:85,0
DA:86,0
DA:87,0
DA:88,1
DA:89,1
DA:90,0
DA:91,0
DA:92,0
DA:93,0
DA:94,0
DA:95,0
DA:96,0
DA:97,1
DA:98,1
DA:99,0
DA:100,0
DA:101,0
DA:102,0
DA:103,0
DA:104,0
DA:105,0
DA:106,0
DA:107,0
DA:108,0
DA:109,0
DA:110,0
DA:111,0
DA:112,0
DA:113,0
DA:114,0
DA:115,0
DA:116,0
DA:117,0
DA:118,0
DA:119,1
DA:120,1
DA:121,0
DA:122,0
DA:123,0
DA:124,0
DA:125,0
DA:126,0
DA:127,0
DA:128,0
DA:129,0
DA:130,0
DA:131,0
DA:132,0
DA:133,0
DA:134,0
DA:135,0
DA:136,0
DA:137,0
DA:138,0
DA:139,0
DA:140,0
DA:141,0
DA:142,1
DA:143,1
DA:144,0
DA:145,0
DA:146,0
DA:147,0
DA:148,0
DA:149,0
DA:150,0
DA:151,0
DA:152,0
DA:153,0
DA:154,0
DA:155,0
DA:156,0
DA:157,1
DA:158,1
DA:159,0
DA:160,0
DA:161,0
DA:162,0
DA:163,0
DA:164,0
DA:165,0
DA:166,0
DA:167,0
DA:168,0
DA:169,0
DA:170,0
DA:171,0
DA:172,0
DA:173,0
DA:174,0
DA:175,0
DA:176,0
DA:177,0
DA:178,0
DA:179,0
DA:180,0
DA:181,0
DA:182,0
DA:183,0
DA:184,0
DA:185,0
DA:186,0
DA:187,0
DA:188,1
DA:189,1
DA:190,0
DA:191,0
DA:192,0
DA:193,0
DA:194,0
DA:195,0
DA:196,0
DA:197,0
DA:198,0
DA:199,0
LF:199
LH:38
BRDA:189,0,0,0
BRDA:1,1,0,8
BRDA:1,2,0,1
BRDA:1,3,0,8
BRDA:1,4,0,1
BRDA:1,5,0,0
BRDA:1,6,0,8
BRDA:1,7,0,1
BRF:8
BRH:6
end_of_record
TN:
SF:src\modules\comandas\module.manifest.ts
FN:1,__export
FN:1,__copyProps
FN:1,get
FN:1,__toCommonJS
FN:1,default
FNF:5
FNH:5
FNDA:1,__export
FNDA:1,__copyProps
FNDA:1,get
FNDA:1,__toCommonJS
FNDA:1,default
DA:1,1
DA:2,1
DA:3,1
DA:4,1
DA:5,1
DA:6,1
DA:7,1
DA:8,1
DA:9,1
DA:10,1
DA:11,1
DA:12,1
DA:13,1
DA:14,1
DA:15,1
DA:16,1
DA:17,1
DA:18,1
DA:19,1
DA:20,1
LF:20
LH:20
BRDA:1,0,0,1
BRDA:1,1,0,1
BRDA:1,2,0,0
BRDA:1,3,0,1
BRDA:1,4,0,1
BRDA:1,5,0,1
BRF:6
BRH:5
end_of_record
TN:
SF:src\modules\comandas\pages.ts
FN:1,__name
FN:1,__export
FN:1,__copyProps
FN:1,get
FN:1,__toCommonJS
FN:1,default
FN:6,page
FNF:7
FNH:7
FNDA:1,__name
FNDA:1,__export
FNDA:1,__copyProps
FNDA:1,get
FNDA:1,__toCommonJS
FNDA:1,default
FNDA:1,page
DA:1,1
DA:2,1
DA:3,1
DA:4,1
DA:5,1
DA:6,1
DA:7,1
DA:8,0
DA:9,0
DA:10,0
DA:11,0
DA:12,1
DA:13,1
DA:14,1
DA:15,1
DA:16,0
DA:17,0
DA:18,0
DA:19,1
DA:20,1
DA:21,1
LF:21
LH:14
BRDA:1,0,0,1
BRDA:1,1,0,1
BRDA:1,2,0,1
BRDA:1,3,0,0
BRDA:1,4,0,1
BRDA:1,5,0,1
BRDA:1,6,0,1
BRDA:6,7,0,1
BRF:8
BRH:7
end_of_record
TN:
SF:src\modules\comandas\routes.ts
FN:1,__export
FN:1,__copyProps
FN:1,get
FN:1,__toCommonJS
FN:1,default
FNF:5
FNH:5
FNDA:1,__export
FNDA:1,__copyProps
FNDA:1,get
FNDA:1,__toCommonJS
FNDA:1,default
DA:1,1
DA:2,1
DA:3,1
DA:4,1
DA:5,1
DA:6,1
DA:7,1
DA:8,1
DA:9,1
DA:10,1
DA:11,1
DA:12,1
DA:13,1
DA:14,1
DA:15,1
DA:16,1
DA:17,1
DA:18,1
DA:19,1
DA:20,1
DA:21,1
DA:22,1
DA:23,1
DA:24,1
DA:25,1
LF:25
LH:25
BRDA:1,0,0,1
BRDA:1,1,0,1
BRDA:1,2,0,0
BRDA:1,3,0,1
BRDA:1,4,0,1
BRDA:1,5,0,1
BRF:6
BRH:5
end_of_record
TN:
SF:src\modules\comandas\controllers\ComandasController.ts
FN:1,__export
FN:1,__copyProps
FN:1,get
FN:1,__toCommonJS
FN:1,comandasController
FN:9,listTables
FN:13,listTableStatus
FN:17,createTable
FN:30,updateTable
FN:40,deleteTable
FN:52,listComandas
FN:64,getComanda
FN:81,openComandaAction
FN:88,addItemAction
FN:97,voidItemAction
FN:105,transferAction
FN:114,splitAction
FN:123,mergeAction
FN:132,closeComandaAction
FN:141,cancelComandaAction
FNF:20
FNH:5
FNDA:1,__export
FNDA:1,__copyProps
FNDA:15,get
FNDA:1,__toCommonJS
FNDA:15,comandasController
FNDA:0,listTables
FNDA:0,listTableStatus
FNDA:0,createTable
FNDA:0,updateTable
FNDA:0,deleteTable
FNDA:0,listComandas
FNDA:0,getComanda
FNDA:0,openComandaAction
FNDA:0,addItemAction
FNDA:0,voidItemAction
FNDA:0,transferAction
FNDA:0,splitAction
FNDA:0,mergeAction
FNDA:0,closeComandaAction
FNDA:0,cancelComandaAction
DA:1,1
DA:2,1
DA:3,1
DA:4,1
DA:5,1
DA:6,1
DA:7,1
DA:8,1
DA:9,1
DA:10,0
DA:11,0
DA:12,1
DA:13,1
DA:14,0
DA:15,0
DA:16,1
DA:17,1
DA:18,0
DA:19,0
DA:20,0
DA:21,0
DA:22,0
DA:23,0
DA:24,0
DA:25,0
DA:26,0
DA:27,0
DA:28,0
DA:29,1
DA:30,1
DA:31,0
DA:32,0
DA:33,0
DA:34,0
DA:35,0
DA:36,0
DA:37,0
DA:38,0
DA:39,1
DA:40,1
DA:41,0
DA:42,0
DA:43,0
DA:44,0
DA:45,0
DA:46,0
DA:47,0
DA:48,0
DA:49,0
DA:50,0
DA:51,1
DA:52,1
DA:53,0
DA:54,0
DA:55,0
DA:56,0
DA:57,0
DA:58,0
DA:59,0
DA:60,0
DA:61,0
DA:62,0
DA:63,1
DA:64,1
DA:65,0
DA:66,0
DA:67,0
DA:68,0
DA:69,0
DA:70,0
DA:71,0
DA:72,0
DA:73,0
DA:74,0
DA:75,0
DA:76,0
DA:77,0
DA:78,0
DA:79,0
DA:80,1
DA:81,1
DA:82,0
DA:83,0
DA:84,0
DA:85,0
DA:86,0
DA:87,1
DA:88,1
DA:89,0
DA:90,0
DA:91,0
DA:92,0
DA:93,0
DA:94,0
DA:95,0
DA:96,1
DA:97,1
DA:98,0
DA:99,0
DA:100,0
DA:101,0
DA:102,0
DA:103,0
DA:104,1
DA:105,1
DA:106,0
DA:107,0
DA:108,0
DA:109,0
DA:110,0
DA:111,0
DA:112,0
DA:113,1
DA:114,1
DA:115,0
DA:116,0
DA:117,0
DA:118,0
DA:119,0
DA:120,0
DA:121,0
DA:122,1
DA:123,1
DA:124,0
DA:125,0
DA:126,0
DA:127,0
DA:128,0
DA:129,0
DA:130,0
DA:131,1
DA:132,1
DA:133,0
DA:134,0
DA:135,0
DA:136,0
DA:137,0
DA:138,0
DA:139,0
DA:140,1
DA:141,1
DA:142,0
DA:143,0
DA:144,0
DA:145,0
DA:146,0
DA:147,0
LF:147
LH:37
BRDA:147,0,0,0
BRDA:1,1,0,1
BRDA:1,2,0,1
BRDA:1,3,0,0
BRDA:1,4,0,15
BRDA:1,5,0,1
BRDA:1,6,0,15
BRF:7
BRH:5
end_of_record
TN:
SF:src\modules\comandas\repositories\ComandaRepository.ts
FN:1,__name
FN:1,__export
FN:1,__copyProps
FN:1,get
FN:1,__toCommonJS
FN:1,ComandaItemRepository
FN:1,ComandaRepository
FN:1,comandaItemRepository
FN:1,comandaRepository
FN:1,<static_initializer>
FN:4,ComandaRepository
FN:8,findOpen
FN:15,close
FN:22,cancel
FN:29,transferTable
FN:1,<static_initializer>
FN:40,ComandaItemRepository
FN:44,listActiveByComanda
FN:52,moveToComanda
FN:61,mergeIntoComanda
FN:69,findInComanda
FN:76,void
FN:80,validateBelongToComanda
FNF:23
FNH:8
FNDA:2,__name
FNDA:1,__export
FNDA:1,__copyProps
FNDA:0,get
FNDA:1,__toCommonJS
FNDA:0,ComandaItemRepository
FNDA:0,ComandaRepository
FNDA:0,comandaItemRepository
FNDA:0,comandaRepository
FNDA:1,<static_initializer>
FNDA:1,ComandaRepository
FNDA:0,findOpen
FNDA:0,close
FNDA:0,cancel
FNDA:0,transferTable
FNDA:1,<static_initializer>
FNDA:1,ComandaItemRepository
FNDA:0,listActiveByComanda
FNDA:0,moveToComanda
FNDA:0,mergeIntoComanda
FNDA:0,findInComanda
FNDA:0,void
FNDA:0,validateBelongToComanda
DA:1,1
DA:2,1
DA:3,1
DA:4,1
DA:5,1
DA:6,1
DA:7,1
DA:8,1
DA:9,1
DA:10,1
DA:11,1
DA:12,1
DA:13,1
DA:14,1
DA:15,1
DA:16,1
DA:17,1
DA:18,1
DA:19,1
DA:20,1
DA:21,1
DA:22,1
DA:23,1
DA:24,1
DA:25,1
DA:26,1
DA:27,1
DA:28,1
DA:29,1
DA:30,1
DA:31,1
DA:32,1
DA:33,1
DA:34,1
DA:35,1
DA:36,1
DA:37,1
DA:38,1
DA:39,1
DA:40,1
DA:41,1
DA:42,1
DA:43,1
DA:44,1
DA:45,0
DA:46,0
DA:47,0
DA:48,0
DA:49,0
DA:50,0
DA:51,1
DA:52,1
DA:53,0
DA:54,0
DA:55,0
DA:56,0
DA:57,0
DA:58,0
DA:59,0
DA:60,1
DA:61,1
DA:62,0
DA:63,0
DA:64,0
DA:65,0
DA:66,0
DA:67,0
DA:68,1
DA:69,1
DA:70,0
DA:71,0
DA:72,0
DA:73,0
DA:74,0
DA:75,1
DA:76,1
DA:77,0
DA:78,0
DA:79,1
DA:80,1
DA:81,0
DA:82,0
DA:83,0
DA:84,0
DA:85,0
DA:86,0
DA:87,0
DA:88,0
DA:89,1
DA:90,1
DA:91,1
LF:91
LH:57
BRDA:91,0,0,0
BRDA:1,1,0,2
BRDA:1,2,0,1
BRDA:1,3,0,4
BRDA:1,4,0,1
BRDA:1,5,0,0
BRDA:1,6,0,4
BRDA:1,7,0,1
BRDA:1,8,0,1
BRDA:4,9,0,1
BRDA:1,10,0,1
BRDA:40,11,0,1
BRF:12
BRH:10
end_of_record
TN:
SF:src\modules\comandas\repositories\StoreTableRepository.ts
FN:1,__name
FN:1,__export
FN:1,__copyProps
FN:1,get
FN:1,__toCommonJS
FN:1,StoreTableRepository
FN:1,storeTableRepository
FN:1,<static_initializer>
FN:4,StoreTableRepository
FN:8,findOpen
FN:15,occupy
FN:19,free
FN:23,findByComandaTableId
FNF:13
FNH:6
FNDA:1,__name
FNDA:1,__export
FNDA:1,__copyProps
FNDA:0,get
FNDA:1,__toCommonJS
FNDA:0,StoreTableRepository
FNDA:0,storeTableRepository
FNDA:1,<static_initializer>
FNDA:1,StoreTableRepository
FNDA:0,findOpen
FNDA:0,occupy
FNDA:0,free
FNDA:0,findByComandaTableId
DA:1,1
DA:2,1
DA:3,1
DA:4,1
DA:5,1
DA:6,1
DA:7,1
DA:8,1
DA:9,0
DA:10,0
DA:11,0
DA:12,0
DA:13,0
DA:14,1
DA:15,1
DA:16,0
DA:17,0
DA:18,1
DA:19,1
DA:20,0
DA:21,0
DA:22,1
DA:23,1
DA:24,0
DA:25,0
DA:26,1
DA:27,1
DA:28,1
LF:28
LH:17
BRDA:28,0,0,0
BRDA:1,1,0,1
BRDA:1,2,0,1
BRDA:1,3,0,2
BRDA:1,4,0,1
BRDA:1,5,0,0
BRDA:1,6,0,2
BRDA:1,7,0,1
BRDA:1,8,0,1
BRDA:4,9,0,1
BRF:10
BRH:8
end_of_record
TN:
SF:src\modules\commercial\crud.ts
FN:1,__name
FN:1,__export
FN:1,__copyProps
FN:1,get
FN:1,__toCommonJS
FN:1,makeCrudRouter
FN:18,makeCrudRouter
FNF:7
FNH:7
FNDA:4,__name
FNDA:1,__export
FNDA:1,__copyProps
FNDA:3,get
FNDA:1,__toCommonJS
FNDA:3,makeCrudRouter
FNDA:3,makeCrudRouter
DA:1,1
DA:2,1
DA:3,1
DA:4,1
DA:5,1
DA:6,1
DA:7,1
DA:8,1
DA:9,1
DA:10,1
DA:11,1
DA:12,1
DA:13,1
DA:14,1
DA:15,1
DA:16,1
DA:17,1
DA:18,1
DA:19,3
DA:20,3
DA:21,3
DA:22,3
DA:23,3
DA:24,7
DA:25,3
DA:26,3
DA:27,0
DA:28,0
DA:29,0
DA:30,0
DA:31,0
DA:32,3
DA:33,3
DA:34,3
DA:35,3
DA:36,3
DA:37,1
DA:38,1
DA:39,1
DA:40,3
DA:41,3
DA:42,3
DA:43,3
DA:44,2
DA:45,2
DA:46,2
DA:47,0
DA:48,0
DA:49,0
DA:50,2
DA:51,2
DA:52,0
DA:53,0
DA:54,0
DA:55,2
DA:56,2
DA:57,2
DA:58,2
DA:59,2
DA:60,2
DA:61,2
DA:62,2
DA:63,3
DA:64,3
DA:65,3
DA:66,1
DA:67,1
DA:68,1
DA:69,0
DA:70,0
DA:71,0
DA:72,1
DA:73,1
DA:74,0
DA:75,0
DA:76,0
DA:77,1
DA:78,1
DA:79,1
DA:80,1
DA:81,1
DA:82,1
DA:83,1
DA:84,1
DA:85,1
DA:86,3
DA:87,3
DA:88,3
DA:89,0
DA:90,0
DA:91,0
DA:92,0
DA:93,0
DA:94,0
DA:95,0
DA:96,0
DA:97,0
DA:98,3
DA:99,3
DA:100,3
DA:101,0
DA:102,0
DA:103,0
DA:104,0
DA:105,0
DA:106,0
DA:107,0
DA:108,0
DA:109,0
DA:110,0
DA:111,0
DA:112,0
DA:113,0
DA:114,0
DA:115,0
DA:116,0
DA:117,0
DA:118,0
DA:119,0
DA:120,0
DA:121,0
DA:122,3
DA:123,3
DA:124,3
DA:125,3
LF:125
LH:78
BRDA:18,0,0,0
BRDA:1,1,0,4
BRDA:1,2,0,1
BRDA:1,3,0,1
BRDA:1,4,0,0
BRDA:1,5,0,3
BRDA:1,6,0,1
BRDA:1,7,0,3
BRDA:18,8,0,3
BRDA:21,9,0,2
BRDA:23,10,0,7
BRDA:34,11,0,3
BRDA:36,12,0,1
BRDA:40,13,0,2
BRDA:43,14,0,2
BRDA:44,15,0,0
BRDA:46,16,0,0
BRDA:51,17,0,0
BRDA:51,18,0,0
BRDA:55,19,0,18
BRDA:55,20,0,15
BRDA:57,21,0,18
BRDA:65,22,0,1
BRDA:68,23,0,0
BRDA:72,24,0,0
BRDA:73,25,0,0
BRDA:73,26,0,0
BRDA:81,27,0,0
BRDA:77,28,0,9
BRDA:80,29,0,9
BRF:30
BRH:19
end_of_record
TN:
SF:src\modules\commercial\customerLedger.ts
FN:1,__name
FN:1,__export
FN:1,__copyProps
FN:1,get
FN:1,__toCommonJS
FN:1,balance
FN:1,grantRaw
FN:1,listMovements
FN:1,recomputeForCustomers
FN:1,redeemRaw
FN:1,reverseGrantRaw
FN:1,reverseRedeemRaw
FN:19,insertMovement
FN:38,getCustomerBalance
FN:44,grantRaw
FN:62,redeemRaw
FN:81,reverseRedeemRaw
FN:99,reverseGrantRaw
FN:117,balance
FN:121,yieldTick
FN:125,recomputeForCustomers
FN:142,listMovements
FNF:22
FNH:4
FNDA:10,__name
FNDA:1,__export
FNDA:1,__copyProps
FNDA:0,get
FNDA:1,__toCommonJS
FNDA:0,balance
FNDA:0,grantRaw
FNDA:0,listMovements
FNDA:0,recomputeForCustomers
FNDA:0,redeemRaw
FNDA:0,reverseGrantRaw
FNDA:0,reverseRedeemRaw
FNDA:0,insertMovement
FNDA:0,getCustomerBalance
FNDA:0,grantRaw
FNDA:0,redeemRaw
FNDA:0,reverseRedeemRaw
FNDA:0,reverseGrantRaw
FNDA:0,balance
FNDA:0,yieldTick
FNDA:0,recomputeForCustomers
FNDA:0,listMovements
DA:1,1
DA:2,1
DA:3,1
DA:4,1
DA:5,1
DA:6,1
DA:7,1
DA:8,1
DA:9,1
DA:10,1
DA:11,1
DA:12,1
DA:13,1
DA:14,1
DA:15,1
DA:16,1
DA:17,1
DA:18,1
DA:19,0
DA:20,0
DA:21,0
DA:22,0
DA:23,0
DA:24,0
DA:25,0
DA:26,0
DA:27,0
DA:28,0
DA:29,0
DA:30,0
DA:31,0
DA:32,0
DA:33,0
DA:34,0
DA:35,0
DA:36,0
DA:37,1
DA:38,0
DA:39,0
DA:40,0
DA:41,0
DA:42,0
DA:43,1
DA:44,1
DA:45,0
DA:46,0
DA:47,0
DA:48,0
DA:49,0
DA:50,0
DA:51,0
DA:52,0
DA:53,0
DA:54,0
DA:55,0
DA:56,0
DA:57,0
DA:58,0
DA:59,0
DA:60,0
DA:61,1
DA:62,1
DA:63,0
DA:64,0
DA:65,0
DA:66,0
DA:67,0
DA:68,0
DA:69,0
DA:70,0
DA:71,0
DA:72,0
DA:73,0
DA:74,0
DA:75,0
DA:76,0
DA:77,0
DA:78,0
DA:79,0
DA:80,1
DA:81,1
DA:82,0
DA:83,0
DA:84,0
DA:85,0
DA:86,0
DA:87,0
DA:88,0
DA:89,0
DA:90,0
DA:91,0
DA:92,0
DA:93,0
DA:94,0
DA:95,0
DA:96,0
DA:97,0
DA:98,1
DA:99,1
DA:100,0
DA:101,0
DA:102,0
DA:103,0
DA:104,0
DA:105,0
DA:106,0
DA:107,0
DA:108,0
DA:109,0
DA:110,0
DA:111,0
DA:112,0
DA:113,0
DA:114,0
DA:115,0
DA:116,1
DA:117,1
DA:118,0
DA:119,0
DA:120,1
DA:121,0
DA:122,0
DA:123,0
DA:124,1
DA:125,0
DA:126,0
DA:127,0
DA:128,0
DA:129,0
DA:130,0
DA:131,0
DA:132,0
DA:133,0
DA:134,0
DA:135,0
DA:136,0
DA:137,0
DA:138,0
DA:139,0
DA:140,0
DA:141,1
DA:142,1
DA:143,0
DA:144,0
DA:145,0
DA:146,0
DA:147,0
DA:148,0
LF:148
LH:33
BRDA:144,0,0,0
BRDA:1,1,0,10
BRDA:1,2,0,1
BRDA:1,3,0,7
BRDA:1,4,0,1
BRDA:1,5,0,0
BRDA:1,6,0,7
BRDA:1,7,0,1
BRF:8
BRH:6
end_of_record
TN:
SF:src\modules\commercial\loyalty.ts
FN:1,__name
FN:1,__export
FN:1,__copyProps
FN:1,get
FN:1,__toCommonJS
FN:1,LOYALTY_CFG
FN:1,accrue
FN:1,centsPerPoint
FN:1,getBalance
FN:1,listLoyaltyMovements
FN:1,loyaltyEnabled
FN:1,pointsForSaleCents
FN:1,pointsPerReal
FN:1,recomputeLoyaltyForCustomers
FN:1,redeem
FN:1,reverse
FN:1,reverseGrant
FN:16,loyaltyEnabled
FN:20,pointsPerReal
FN:25,centsPerPoint
FN:31,pointsForSaleCents
FNF:21
FNH:16
FNDA:11,__name
FNDA:1,__export
FNDA:1,__copyProps
FNDA:10,get
FNDA:1,__toCommonJS
FNDA:0,LOYALTY_CFG
FNDA:1,accrue
FNDA:1,centsPerPoint
FNDA:1,getBalance
FNDA:1,listLoyaltyMovements
FNDA:1,loyaltyEnabled
FNDA:1,pointsForSaleCents
FNDA:0,pointsPerReal
FNDA:1,recomputeLoyaltyForCustomers
FNDA:1,redeem
FNDA:1,reverse
FNDA:1,reverseGrant
FNDA:4,loyaltyEnabled
FNDA:0,pointsPerReal
FNDA:0,centsPerPoint
FNDA:0,pointsForSaleCents
DA:1,1
DA:2,1
DA:3,1
DA:4,1
DA:5,1
DA:6,1
DA:7,1
DA:8,1
DA:9,1
DA:10,1
DA:11,1
DA:12,1
DA:13,1
DA:14,1
DA:15,1
DA:16,1
DA:17,4
DA:18,4
DA:19,1
DA:20,1
DA:21,0
DA:22,0
DA:23,0
DA:24,1
DA:25,1
DA:26,0
DA:27,0
DA:28,0
DA:29,0
DA:30,1
DA:31,1
DA:32,0
DA:33,0
DA:34,1
DA:35,1
DA:36,0
DA:37,1
DA:38,1
DA:39,0
DA:40,1
DA:41,1
DA:42,0
DA:43,1
DA:44,1
DA:45,0
DA:46,1
DA:47,1
DA:48,1
DA:49,1
DA:50,1
DA:51,1
LF:51
LH:38
BRDA:51,0,0,0
BRDA:1,1,0,11
BRDA:1,2,0,1
BRDA:1,3,0,12
BRDA:1,4,0,1
BRDA:1,5,0,0
BRDA:1,6,0,12
BRDA:1,7,0,10
BRDA:1,8,0,1
BRDA:1,9,0,1
BRDA:1,10,0,1
BRDA:1,11,0,1
BRDA:1,12,0,1
BRDA:1,13,0,1
BRDA:1,14,0,1
BRDA:1,15,0,1
BRDA:1,16,0,1
BRDA:1,17,0,1
BRDA:1,18,0,1
BRDA:16,19,0,4
BRF:20
BRH:18
end_of_record
TN:
SF:src\modules\commercial\module.manifest.ts
FN:1,__export
FN:1,__copyProps
FN:1,get
FN:1,__toCommonJS
FN:1,default
FNF:5
FNH:5
FNDA:1,__export
FNDA:1,__copyProps
FNDA:1,get
FNDA:1,__toCommonJS
FNDA:1,default
DA:1,1
DA:2,1
DA:3,1
DA:4,1
DA:5,1
DA:6,1
DA:7,1
DA:8,1
DA:9,1
DA:10,1
DA:11,1
DA:12,1
DA:13,1
DA:14,1
DA:15,1
DA:16,1
DA:17,1
DA:18,1
DA:19,1
DA:20,1
DA:21,1
DA:22,1
DA:23,1
DA:24,1
DA:25,1
DA:26,1
DA:27,1
DA:28,1
DA:29,1
DA:30,1
DA:31,1
DA:32,1
DA:33,1
DA:34,1
DA:35,1
DA:36,1
DA:37,1
DA:38,1
DA:39,1
DA:40,1
DA:41,1
DA:42,1
DA:43,1
DA:44,1
DA:45,1
DA:46,1
DA:47,1
DA:48,1
DA:49,1
DA:50,1
DA:51,1
DA:52,1
DA:53,1
DA:54,1
DA:55,1
DA:56,1
DA:57,1
DA:58,1
DA:59,1
DA:60,1
DA:61,1
DA:62,1
DA:63,1
DA:64,1
DA:65,1
DA:66,1
DA:67,1
DA:68,1
DA:69,1
DA:70,1
DA:71,1
DA:72,1
DA:73,1
DA:74,1
DA:75,1
DA:76,1
DA:77,1
DA:78,1
DA:79,1
DA:80,1
DA:81,1
DA:82,1
DA:83,1
DA:84,1
DA:85,1
DA:86,1
DA:87,1
DA:88,1
DA:89,1
DA:90,1
DA:91,1
DA:92,1
DA:93,1
DA:94,1
DA:95,1
DA:96,1
DA:97,1
DA:98,1
DA:99,1
DA:100,1
DA:101,1
DA:102,1
DA:103,1
DA:104,1
DA:105,1
DA:106,1
DA:107,1
DA:108,1
DA:109,1
DA:110,1
DA:111,1
DA:112,1
DA:113,1
DA:114,1
DA:115,1
DA:116,1
DA:117,1
DA:118,1
DA:119,1
DA:120,1
DA:121,1
DA:122,1
DA:123,1
DA:124,1
DA:125,1
DA:126,1
DA:127,1
DA:128,1
DA:129,1
DA:130,1
DA:131,1
DA:132,1
LF:132
LH:132
BRDA:1,0,0,1
BRDA:1,1,0,1
BRDA:1,2,0,0
BRDA:1,3,0,1
BRDA:1,4,0,1
BRDA:1,5,0,1
BRF:6
BRH:5
end_of_record
TN:
SF:src\modules\commercial\pages.ts
FN:1,__name
FN:1,__export
FN:1,__copyProps
FN:1,get
FN:1,__toCommonJS
FN:1,default
FN:7,page
FNF:7
FNH:7
FNDA:1,__name
FNDA:1,__export
FNDA:1,__copyProps
FNDA:1,get
FNDA:1,__toCommonJS
FNDA:1,default
FNDA:5,page
DA:1,1
DA:2,1
DA:3,1
DA:4,1
DA:5,1
DA:6,1
DA:7,5
DA:8,5
DA:9,0
DA:10,0
DA:11,0
DA:12,0
DA:13,5
DA:14,1
DA:15,1
DA:16,1
DA:17,0
DA:18,0
DA:19,0
DA:20,1
DA:21,1
DA:22,0
DA:23,0
DA:24,0
DA:25,1
DA:26,1
DA:27,0
DA:28,0
DA:29,0
DA:30,1
DA:31,1
DA:32,1
DA:33,1
DA:34,1
DA:35,1
DA:36,1
LF:36
LH:23
BRDA:1,0,0,1
BRDA:1,1,0,1
BRDA:1,2,0,1
BRDA:1,3,0,0
BRDA:1,4,0,1
BRDA:1,5,0,1
BRDA:1,6,0,1
BRDA:7,7,0,5
BRF:8
BRH:7
end_of_record
TN:
SF:src\modules\commercial\pricing.ts
FN:1,__name
FN:1,__export
FN:1,__copyProps
FN:1,get
FN:1,__toCommonJS
FN:1,resolveMany
FN:1,resolvePrice
FN:11,resolvePrice
FN:38,resolveMany
FNF:9
FNH:8
FNDA:2,__name
FNDA:1,__export
FNDA:1,__copyProps
FNDA:2,get
FNDA:1,__toCommonJS
FNDA:1,resolveMany
FNDA:1,resolvePrice
FNDA:4,resolvePrice
FNDA:0,resolveMany
DA:1,1
DA:2,1
DA:3,1
DA:4,1
DA:5,1
DA:6,1
DA:7,1
DA:8,1
DA:9,1
DA:10,1
DA:11,1
DA:12,4
DA:13,4
DA:14,4
DA:15,4
DA:16,0
DA:17,0
DA:18,0
DA:19,0
DA:20,0
DA:21,0
DA:22,4
DA:23,4
DA:24,4
DA:25,4
DA:26,0
DA:27,0
DA:28,0
DA:29,0
DA:30,0
DA:31,0
DA:32,4
DA:33,4
DA:34,4
DA:35,4
DA:36,4
DA:37,1
DA:38,1
DA:39,0
DA:40,0
LF:40
LH:26
BRDA:38,0,0,0
BRDA:1,1,0,2
BRDA:1,2,0,1
BRDA:1,3,0,2
BRDA:1,4,0,1
BRDA:1,5,0,0
BRDA:1,6,0,2
BRDA:1,7,0,2
BRDA:1,8,0,1
BRDA:1,9,0,1
BRDA:1,10,0,1
BRDA:11,11,0,4
BRDA:15,12,0,0
BRDA:25,13,0,0
BRDA:35,14,0,0
BRF:15
BRH:10
end_of_record
TN:
SF:src\modules\commercial\productsRoutes.ts
FN:1,__name
FN:1,__export
FN:1,__copyProps
FN:1,get
FN:1,__toESM
FN:1,__toCommonJS
FN:1,default
FN:36,autoSkuEnabled
FN:40,friendlyUniqueError
FN:48,prepareProductImage
FN:68,deleteLocalImageIfOwned
FN:750,cartesian
FNF:12
FNH:9
FNDA:5,__name
FNDA:1,__export
FNDA:3,__copyProps
FNDA:1,get
FNDA:2,__toESM
FNDA:1,__toCommonJS
FNDA:1,default
FNDA:1,autoSkuEnabled
FNDA:0,friendlyUniqueError
FNDA:1,prepareProductImage
FNDA:0,deleteLocalImageIfOwned
FNDA:0,cartesian
DA:1,1
DA:2,1
DA:3,1
DA:4,1
DA:5,1
DA:6,1
DA:7,1
DA:8,1
DA:9,1
DA:10,1
DA:11,1
DA:12,1
DA:13,1
DA:14,1
DA:15,1
DA:16,1
DA:17,1
DA:18,1
DA:19,1
DA:20,1
DA:21,1
DA:22,1
DA:23,1
DA:24,1
DA:25,1
DA:26,1
DA:27,1
DA:28,1
DA:29,1
DA:30,1
DA:31,1
DA:32,1
DA:33,1
DA:34,1
DA:35,1
DA:36,1
DA:37,1
DA:38,1
DA:39,1
DA:40,0
DA:41,0
DA:42,0
DA:43,0
DA:44,0
DA:45,0
DA:46,0
DA:47,1
DA:48,1
DA:49,1
DA:50,1
DA:51,1
DA:52,1
DA:53,1
DA:54,0
DA:55,0
DA:56,0
DA:57,0
DA:58,0
DA:59,0
DA:60,0
DA:61,0
DA:62,0
DA:63,0
DA:64,0
DA:65,1
DA:66,1
DA:67,1
DA:68,0
DA:69,0
DA:70,0
DA:71,0
DA:72,0
DA:73,0
DA:74,0
DA:75,0
DA:76,1
DA:77,1
DA:78,0
DA:79,0
DA:80,0
DA:81,0
DA:82,0
DA:83,0
DA:84,1
DA:85,1
DA:86,1
DA:87,0
DA:88,0
DA:89,0
DA:90,0
DA:91,0
DA:92,0
DA:93,0
DA:94,0
DA:95,0
DA:96,0
DA:97,0
DA:98,0
DA:99,0
DA:100,0
DA:101,0
DA:102,0
DA:103,0
DA:104,0
DA:105,0
DA:106,0
DA:107,0
DA:108,0
DA:109,0
DA:110,0
DA:111,1
DA:112,1
DA:113,1
DA:114,0
DA:115,0
DA:116,0
DA:117,0
DA:118,0
DA:119,0
DA:120,0
DA:121,0
DA:122,0
DA:123,0
DA:124,0
DA:125,0
DA:126,0
DA:127,0
DA:128,0
DA:129,0
DA:130,0
DA:131,0
DA:132,0
DA:133,0
DA:134,1
DA:135,1
DA:136,1
DA:137,1
DA:138,1
DA:139,1
DA:140,0
DA:141,0
DA:142,0
DA:143,1
DA:144,0
[...]
DA:339,2
DA:340,2
DA:341,2
DA:342,2
DA:343,2
DA:344,2
DA:345,2
DA:346,2
DA:347,2
DA:348,2
DA:349,2
DA:350,2
DA:351,2
DA:352,4
DA:353,4
DA:354,0
DA:355,0
DA:356,0
DA:357,4
DA:358,4
DA:359,0
DA:360,0
DA:361,0
DA:362,0
DA:363,4
DA:364,4
DA:365,0
DA:366,0
DA:367,0
DA:368,4
DA:369,4
DA:370,4
DA:371,4
DA:372,4
DA:373,4
DA:374,4
DA:375,4
DA:376,4
DA:377,4
DA:378,4
DA:379,4
DA:380,4
DA:381,4
DA:382,4
DA:383,4
DA:384,0
DA:385,0
DA:386,0
DA:387,4
DA:388,4
DA:389,0
DA:390,0
DA:391,4
DA:392,4
DA:393,4
DA:394,4
DA:395,4
DA:396,4
DA:397,4
DA:398,4
DA:399,4
DA:400,4
DA:401,4
DA:402,4
DA:403,4
DA:404,4
DA:405,4
DA:406,1
DA:407,1
DA:408,1
DA:409,1
DA:410,1
DA:411,1
DA:412,1
DA:413,1
DA:414,0
DA:415,0
DA:416,0
DA:417,0
DA:418,0
DA:419,0
DA:420,0
DA:421,0
DA:422,0
DA:423,0
DA:424,0
DA:425,0
DA:426,0
DA:427,0
DA:428,0
DA:429,1
DA:430,0
DA:431,0
DA:432,0
DA:433,0
DA:434,0
DA:435,0
DA:436,0
DA:437,0
DA:438,0
DA:439,0
DA:440,1
DA:441,0
DA:442,0
DA:443,0
DA:444,0
DA:445,0
DA:446,0
DA:447,0
DA:448,0
DA:449,0
DA:450,0
DA:451,0
DA:452,0
DA:453,0
DA:454,0
DA:455,0
DA:456,1
DA:457,0
DA:458,0
DA:459,0
DA:460,0
DA:461,0
DA:462,0
DA:463,0
DA:464,0
DA:465,1
DA:466,0
DA:467,0
DA:468,0
DA:469,0
DA:470,0
DA:471,0
DA:472,0
DA:473,0
DA:474,0
DA:475,0
DA:476,0
DA:477,0
DA:478,0
DA:479,0
DA:480,0
DA:481,0
DA:482,0
DA:483,1
DA:484,0
DA:485,0
DA:486,0
DA:487,0
DA:488,0
DA:489,0
DA:490,0
DA:491,0
DA:492,0
DA:493,1
DA:494,1
DA:495,0
DA:496,0
DA:497,0
DA:498,0
DA:499,0
DA:500,0
DA:501,0
DA:502,0
DA:503,0
DA:504,0
DA:505,0
DA:506,0
DA:507,0
DA:508,0
DA:509,0
DA:510,0
DA:511,0
DA:512,0
DA:513,0
DA:514,0
DA:515,0
DA:516,0
DA:517,0
DA:518,0
DA:519,0
DA:520,0
DA:521,0
DA:522,0
DA:523,0
DA:524,0
DA:525,0
DA:526,0
DA:527,0
DA:528,0
DA:529,0
DA:530,0
DA:531,0
DA:532,0
DA:533,0
DA:534,0
DA:535,0
DA:536,0
DA:537,0
DA:538,0
DA:539,0
DA:540,0
DA:541,0
DA:542,0
LF:542
LH:321
BRDA:494,0,0,0
BRDA:1,1,0,11
BRDA:1,2,0,1
BRDA:1,3,0,2
BRDA:1,4,0,1
BRDA:1,5,0,0
BRDA:1,6,0,2
BRDA:1,7,0,6
BRDA:1,8,0,1
BRDA:1,9,0,1
BRDA:1,10,0,5
BRDA:86,11,0,4
BRDA:97,12,0,0
BRDA:98,13,0,0
BRDA:100,14,0,0
BRDA:102,15,0,0
BRDA:112,16,0,0
BRDA:128,17,0,0
BRDA:155,18,0,4
BRDA:163,19,0,2
BRDA:163,20,0,2
BRDA:166,21,0,0
BRDA:168,22,0,0
BRDA:171,23,0,0
BRDA:185,24,0,0
BRDA:188,25,0,0
BRDA:195,26,0,0
BRDA:200,27,0,0
BRDA:205,28,0,2
BRDA:206,29,0,2
BRDA:207,30,0,0
BRDA:208,31,0,0
BRDA:209,32,0,0
BRDA:211,33,0,0
BRDA:211,34,0,0
BRDA:214,35,0,0
BRDA:222,36,0,0
BRDA:199,37,0,4
BRDA:233,38,0,4
BRDA:240,39,0,0
BRDA:253,40,0,0
BRDA:254,41,0,0
BRDA:255,42,0,0
BRDA:256,43,0,0
BRDA:257,44,0,0
BRDA:257,45,0,0
BRDA:262,46,0,0
BRDA:267,47,0,0
BRDA:270,48,0,0
BRDA:275,49,0,0
BRDA:275,50,0,0
BRDA:279,51,0,0
BRDA:388,52,0,0
BRDA:392,53,0,0
BRDA:403,54,0,0
BRDA:265,55,0,4
BRDA:273,56,0,4
BRDA:277,57,0,4
BRDA:278,58,0,4
BRDA:290,59,0,4
BRDA:292,60,0,0
BRDA:297,61,0,0
BRDA:300,62,0,0
BRDA:313,63,0,0
BRDA:314,64,0,0
BRDA:314,65,0,0
BRDA:324,66,0,2
BRDA:328,67,0,0
BRDA:328,68,0,0
BRDA:333,69,0,2
BRDA:335,70,0,0
BRDA:336,71,0,0
BRDA:336,72,0,0
BRDA:341,73,0,0
BRDA:344,74,0,0
BRDA:350,75,0,0
BRDA:353,76,0,0
BRDA:358,77,0,0
BRDA:364,78,0,0
BRDA:381,79,0,2
BRDA:383,80,0,0
BRDA:383,81,0,0
BRDA:394,82,0,4
BRDA:400,83,0,4
BRF:84
BRH:27
end_of_record
TN:
SF:src\modules\store\setup.ts
FN:1,__name
FN:1,__export
FN:1,__copyProps
FN:1,get
FN:1,__toCommonJS
FN:1,default
FN:14,setup
FNF:7
FNH:7
FNDA:1,__name
FNDA:1,__export
FNDA:1,__copyProps
FNDA:1,get
FNDA:1,__toCommonJS
FNDA:1,default
FNDA:1,setup
DA:1,1
DA:2,1
DA:3,1
DA:4,1
DA:5,1
DA:6,1
DA:7,1
DA:8,1
DA:9,1
DA:10,1
DA:11,1
DA:12,1
DA:13,1
DA:14,1
DA:15,1
DA:16,1
DA:17,1
LF:17
LH:17
BRDA:1,0,0,1
BRDA:1,1,0,1
BRDA:1,2,0,1
BRDA:1,3,0,0
BRDA:1,4,0,1
BRDA:1,5,0,1
BRDA:1,6,0,1
BRDA:14,7,0,1
BRF:8
BRH:7
end_of_record
TN:
SF:src\modules\store\controllers\StoreController.ts
FN:1,__export
FN:1,__copyProps
FN:1,get
FN:1,__toCommonJS
FN:1,storeController
FN:11,listPaymentMethods
FN:15,createSaleAction
FN:21,listSales
FN:37,getSale
FN:52,cancelSaleAction
FN:58,listQuotes
FN:70,getQuote
FN:83,createQuoteAction
FN:89,updateQuoteAction
FN:95,convertQuoteAction
FN:101,cancelQuoteAction
FN:107,dailyReport
FN:136,cashRegisterReportAction
FNF:18
FNH:7
FNDA:1,__export
FNDA:1,__copyProps
FNDA:13,get
FNDA:1,__toCommonJS
FNDA:13,storeController
FNDA:0,listPaymentMethods
FNDA:4,createSaleAction
FNDA:1,listSales
FNDA:0,getSale
FNDA:0,cancelSaleAction
FNDA:0,listQuotes
FNDA:0,getQuote
FNDA:0,createQuoteAction
FNDA:0,updateQuoteAction
FNDA:0,convertQuoteAction
FNDA:0,cancelQuoteAction
FNDA:0,dailyReport
FNDA:0,cashRegisterReportAction
DA:1,13
DA:2,1
DA:3,1
DA:4,1
DA:5,1
DA:6,1
DA:7,1
DA:8,1
DA:9,1
DA:10,1
DA:11,1
DA:12,0
DA:13,0
DA:14,1
DA:15,1
DA:16,4
DA:17,4
DA:18,4
DA:19,4
DA:20,1
DA:21,1
DA:22,1
DA:23,1
DA:24,1
DA:25,1
DA:26,1
DA:27,1
DA:28,1
DA:29,1
DA:30,1
DA:31,1
DA:32,1
DA:33,1
DA:34,1
DA:35,1
DA:36,1
DA:37,1
DA:38,0
DA:39,0
DA:40,0
DA:41,0
DA:42,0
DA:43,0
DA:44,0
DA:45,0
DA:46,0
DA:47,0
DA:48,0
DA:49,0
DA:50,0
DA:51,1
DA:52,1
DA:53,0
DA:54,0
DA:55,0
DA:56,0
DA:57,1
DA:58,1
DA:59,0
DA:60,0
DA:61,0
DA:62,0
DA:63,0
DA:64,0
DA:65,0
DA:66,0
DA:67,0
DA:68,0
DA:69,1
DA:70,1
DA:71,0
DA:72,0
DA:73,0
DA:74,0
DA:75,0
DA:76,0
DA:77,0
DA:78,0
DA:79,0
DA:80,0
DA:81,0
DA:82,1
DA:83,1
DA:84,0
DA:85,0
DA:86,0
DA:87,0
DA:88,1
DA:89,1
DA:90,0
DA:91,0
DA:92,0
DA:93,0
DA:94,1
DA:95,1
DA:96,0
DA:97,0
DA:98,0
DA:99,0
DA:100,1
DA:101,1
DA:102,0
DA:103,0
DA:104,0
DA:105,0
DA:106,1
DA:107,1
DA:108,0
DA:109,0
DA:110,0
DA:111,0
DA:112,0
DA:113,0
DA:114,0
DA:115,0
DA:116,0
DA:117,0
DA:118,0
DA:119,0
DA:120,0
DA:121,0
DA:122,0
DA:123,0
DA:124,0
DA:125,0
DA:126,0
DA:127,0
DA:128,0
DA:129,0
DA:130,0
DA:131,0
DA:132,0
DA:133,0
DA:134,0
DA:135,1
DA:136,1
DA:137,0
DA:138,0
DA:139,0
LF:139
LH:53
BRDA:139,0,0,0
BRDA:1,1,0,1
BRDA:1,2,0,1
BRDA:1,3,0,0
BRDA:1,4,0,13
BRDA:1,5,0,1
BRDA:1,6,0,13
BRDA:15,7,0,4
BRDA:17,8,0,0
BRDA:21,9,0,1
BRDA:23,10,0,0
BRDA:24,11,0,0
BRDA:24,12,0,0
BRDA:26,13,0,0
BRF:14
BRH:7
end_of_record
TN:
SF:src\modules\store\repositories\QuoteRepository.ts
FN:1,__name
FN:1,__export
FN:1,__copyProps
FN:1,get
FN:1,__toCommonJS
FN:1,QuoteRepository
FN:1,quoteRepository
FN:1,<static_initializer>
FN:4,QuoteRepository
FNF:9
FNH:6
FNDA:1,__name
FNDA:1,__export
FNDA:1,__copyProps
FNDA:0,get
FNDA:1,__toCommonJS
FNDA:0,QuoteRepository
FNDA:0,quoteRepository
FNDA:1,<static_initializer>
FNDA:1,QuoteRepository
DA:1,1
DA:2,1
DA:3,1
DA:4,1
DA:5,1
DA:6,1
DA:7,1
DA:8,1
DA:9,1
LF:9
LH:9
BRDA:9,0,0,0
BRDA:1,1,0,1
BRDA:1,2,0,1
BRDA:1,3,0,2
BRDA:1,4,0,1
BRDA:1,5,0,0
BRDA:1,6,0,2
BRDA:1,7,0,1
BRDA:1,8,0,1
BRDA:4,9,0,1
BRF:10
BRH:8
end_of_record
TN:
SF:src\modules\store\repositories\SaleRepository.ts
FN:1,__name
FN:1,__export
FN:1,__copyProps
FN:1,get
FN:1,__toCommonJS
FN:1,SaleItemRepository
FN:1,SalePaymentRepository
FN:1,SaleRepository
FN:1,saleItemRepository
FN:1,salePaymentRepository
FN:1,saleRepository
FN:1,<static_initializer>
FN:4,SaleRepository
FN:8,findByClientRequestId
FN:15,findFull
FN:19,cancel
FN:26,updateReceivable
FN:1,<static_initializer>
FN:34,SaleItemRepository
FN:1,<static_initializer>
FN:42,SalePaymentRepository
FN:46,listBySale
FN:50,findFeeTotal
FN:58,findBySale
FNF:24
FNH:13
FNDA:3,__name
FNDA:1,__export
FNDA:1,__copyProps
FNDA:19,get
FNDA:1,__toCommonJS
FNDA:0,SaleItemRepository
FNDA:0,SalePaymentRepository
FNDA:0,SaleRepository
FNDA:0,saleItemRepository
FNDA:0,salePaymentRepository
FNDA:19,saleRepository
FNDA:1,<static_initializer>
FNDA:1,SaleRepository
FNDA:0,findByClientRequestId
FNDA:0,findFull
FNDA:0,cancel
FNDA:2,updateReceivable
FNDA:1,<static_initializer>
FNDA:1,SaleItemRepository
FNDA:1,<static_initializer>
FNDA:1,SalePaymentRepository
FNDA:0,listBySale
FNDA:0,findFeeTotal
FNDA:0,findBySale
DA:1,1
DA:2,1
DA:3,1
DA:4,1
DA:5,1
DA:6,1
DA:7,1
DA:8,1
DA:9,1
DA:10,1
DA:11,1
DA:12,1
DA:13,1
DA:14,1
DA:15,1
DA:16,1
DA:17,1
DA:18,1
DA:19,1
DA:20,1
DA:21,1
DA:22,1
DA:23,1
DA:24,1
DA:25,1
DA:26,1
DA:27,1
DA:28,1
DA:29,1
DA:30,1
DA:31,1
DA:32,1
DA:33,1
DA:34,1
DA:35,1
DA:36,1
DA:37,1
DA:38,1
DA:39,1
DA:40,1
DA:41,1
DA:42,1
DA:43,1
DA:44,1
DA:45,1
DA:46,1
DA:47,0
DA:48,0
DA:49,1
DA:50,1
DA:51,0
DA:52,0
DA:53,0
DA:54,0
DA:55,0
DA:56,0
DA:57,1
DA:58,1
DA:59,0
DA:60,0
DA:61,0
DA:62,0
DA:63,0
DA:64,1
DA:65,1
DA:66,1
LF:66
LH:53
BRDA:66,0,0,0
BRDA:1,1,0,3
BRDA:1,2,0,1
BRDA:1,3,0,6
BRDA:1,4,0,1
BRDA:1,5,0,0
BRDA:1,6,0,6
BRDA:1,7,0,19
BRDA:1,8,0,1
BRDA:1,9,0,19
BRDA:1,10,0,1
BRDA:4,11,0,1
BRDA:26,12,0,2
BRDA:1,13,0,1
BRDA:34,14,0,1
BRDA:1,15,0,1
BRDA:42,16,0,1
BRF:17
BRH:15
end_of_record
TN:
SF:src\shared\auth.ts
FN:1,__name
FN:1,__export
FN:1,__copyProps
FN:1,get
FN:1,__toCommonJS
FN:1,assertAuth
FN:4,assertAuth
FNF:7
FNH:7
FNDA:1,__name
FNDA:1,__export
FNDA:1,__copyProps
FNDA:5,get
FNDA:1,__toCommonJS
FNDA:5,assertAuth
FNDA:5,assertAuth
DA:1,5
DA:2,1
DA:3,1
DA:4,1
DA:5,5
DA:6,5
LF:6
LH:6
BRDA:4,0,0,0
BRDA:1,1,0,1
BRDA:1,2,0,1
BRDA:1,3,0,1
BRDA:1,4,0,0
BRDA:1,5,0,5
BRDA:1,6,0,1
BRDA:1,7,0,5
BRDA:4,8,0,5
BRDA:5,9,0,0
BRF:10
BRH:7
end_of_record
TN:
SF:src\shared\responseEnvelope.ts
FN:1,__name
FN:1,__export
FN:1,__copyProps
FN:1,get
FN:1,__toCommonJS
FN:1,responseEnvelope
FN:1,sendError
FN:1,sendSuccess
FN:3,sendSuccess
FN:7,sendError
FN:11,responseEnvelope
FN:13,res.json
FNF:12
FNH:8
FNDA:3,__name
FNDA:1,__export
FNDA:1,__copyProps
FNDA:1,get
FNDA:1,__toCommonJS
FNDA:1,responseEnvelope
FNDA:0,sendError
FNDA:0,sendSuccess
FNDA:0,sendSuccess
FNDA:0,sendError
FNDA:15,responseEnvelope
FNDA:15,res.json
DA:1,0
DA:2,1
DA:3,1
DA:4,0
DA:5,0
DA:6,1
DA:7,1
DA:8,0
DA:9,0
DA:10,1
DA:11,1
DA:12,15
DA:13,15
DA:14,15
DA:15,0
DA:16,0
DA:17,15
DA:18,1
DA:19,1
DA:20,0
DA:21,1
DA:22,1
DA:23,15
DA:24,0
DA:25,0
DA:26,15
DA:27,3
DA:28,3
DA:29,15
DA:30,15
DA:31,0
DA:32,0
DA:33,15
DA:34,4
DA:35,4
DA:36,4
DA:37,4
DA:38,4
DA:39,15
DA:40,15
DA:41,15
DA:42,15
LF:42
LH:30
BRDA:11,0,0,0
BRDA:1,1,0,3
BRDA:1,2,0,1
BRDA:1,3,0,3
BRDA:1,4,0,1
BRDA:1,5,0,0
BRDA:1,6,0,3
BRDA:1,7,0,1
BRDA:1,8,0,1
BRDA:1,9,0,1
BRDA:11,10,0,15
BRDA:13,11,0,15
BRDA:14,12,0,12
BRDA:14,13,0,0
BRDA:17,14,0,1
BRDA:19,15,0,0
BRDA:23,16,0,14
BRDA:23,17,0,0
BRDA:26,18,0,14
BRDA:26,19,0,3
BRDA:29,20,0,11
BRDA:30,21,0,0
BRDA:33,22,0,11
BRDA:33,23,0,4
BRDA:33,24,0,4
BRDA:36,25,0,0
BRDA:37,26,0,0
BRDA:39,27,0,7
BRF:28
BRH:20
end_of_record
TN:
SF:src\shared\schemas.ts
FN:1,__export
FN:1,__copyProps
FN:1,get
FN:1,__toCommonJS
FN:1,changePasswordSchema
FN:1,closeRegisterSchema
FN:1,createCategorySchema
FN:1,createProductSchema
FN:1,createPurchaseSchema
FN:1,createQuoteSchema
FN:1,createSaleSchema
FN:1,deleteCategorySchema
FN:1,grantStoreCreditSchema
FN:1,loginSchema
FN:1,openRegisterSchema
FN:1,stockMoveSchema
FN:1,updateCategorySchema
FN:1,updateProductSchema
FN:1,updatePurchaseSchema
FN:1,updateQuoteSchema
FN:81,import_zod.z.object.refine.message
FNF:21
FNH:21
FNDA:1,__export
FNDA:1,__copyProps
FNDA:16,get
FNDA:1,__toCommonJS
FNDA:1,changePasswordSchema
FNDA:1,closeRegisterSchema
FNDA:1,createCategorySchema
FNDA:1,createProductSchema
FNDA:1,createPurchaseSchema
FNDA:1,createQuoteSchema
FNDA:1,createSaleSchema
FNDA:1,deleteCategorySchema
FNDA:1,grantStoreCreditSchema
FNDA:1,loginSchema
FNDA:1,openRegisterSchema
FNDA:1,stockMoveSchema
FNDA:1,updateCategorySchema
FNDA:1,updateProductSchema
FNDA:1,updatePurchaseSchema
FNDA:1,updateQuoteSchema
FNDA:4,import_zod.z.object.refine.message
DA:1,1
DA:2,1
DA:3,1
DA:4,1
DA:5,1
DA:6,1
DA:7,1
DA:8,1
DA:9,1
DA:10,1
DA:11,1
DA:12,1
DA:13,1
DA:14,1
DA:15,1
DA:16,1
DA:17,1
DA:18,1
DA:19,1
DA:20,1
DA:21,1
DA:22,1
DA:23,1
DA:24,1
DA:25,1
DA:26,1
DA:27,1
DA:28,1
DA:29,1
DA:30,1
DA:31,1
DA:32,1
DA:33,1
DA:34,1
DA:35,1
DA:36,1
DA:37,1
DA:38,1
DA:39,1
DA:40,1
DA:41,1
DA:42,1
DA:43,1
DA:44,1
DA:45,1
DA:46,1
DA:47,1
DA:48,1
DA:49,1
DA:50,1
DA:51,1
DA:52,1
DA:53,1
DA:54,1
DA:55,1
DA:56,1
DA:57,1
DA:58,1
DA:59,1
DA:60,1
DA:61,1
DA:62,1
DA:63,1
DA:64,1
DA:65,1
DA:66,2
DA:67,2
DA:68,1
DA:69,1
DA:70,1
DA:71,1
DA:72,1
DA:73,1
DA:74,1
DA:75,1
DA:76,1
DA:77,1
DA:78,1
DA:79,1
DA:80,1
DA:81,1
DA:82,1
DA:83,1
DA:84,1
DA:85,1
DA:86,1
DA:87,1
DA:88,1
DA:89,1
DA:90,1
DA:91,1
DA:92,1
DA:93,1
DA:94,1
DA:95,1
DA:96,1
DA:97,1
DA:98,1
DA:99,1
DA:100,1
DA:101,1
DA:102,1
DA:103,1
DA:104,1
DA:105,1
DA:106,1
DA:107,1
DA:108,1
DA:109,1
DA:110,1
DA:111,1
DA:112,1
DA:113,1
DA:114,1
DA:115,1
DA:116,1
DA:117,1
DA:118,1
DA:119,1
DA:120,1
DA:121,1
DA:122,1
DA:123,1
DA:124,1
DA:125,1
DA:126,1
DA:127,1
DA:128,1
DA:129,1
DA:130,1
DA:131,1
DA:132,1
DA:133,1
DA:134,1
DA:135,1
DA:136,1
DA:137,1
DA:138,1
DA:139,1
DA:140,1
DA:141,1
DA:142,1
DA:143,1
DA:144,1
DA:145,1
DA:146,1
DA:147,1
DA:148,1
DA:149,1
DA:150,1
DA:151,1
DA:152,1
DA:153,1
DA:154,1
DA:155,1
DA:156,1
DA:157,1
DA:158,1
DA:159,1
DA:160,1
DA:161,1
DA:162,1
DA:163,1
DA:164,1
DA:165,1
DA:166,1
DA:167,1
DA:168,1
LF:168
LH:168
BRDA:168,0,0,0
BRDA:1,1,0,1
BRDA:1,2,0,16
BRDA:1,3,0,1
BRDA:1,4,0,0
BRDA:1,5,0,16
BRDA:1,6,0,16
BRDA:1,7,0,1
BRDA:1,8,0,1
BRDA:1,9,0,1
BRDA:1,10,0,1
BRDA:1,11,0,1
BRDA:1,12,0,1
BRDA:1,13,0,1
BRDA:1,14,0,1
BRDA:1,15,0,1
BRDA:1,16,0,1
BRDA:1,17,0,1
BRDA:1,18,0,1
BRDA:1,19,0,1
BRDA:1,20,0,1
BRDA:1,21,0,1
BRDA:1,22,0,1
BRDA:1,23,0,1
BRDA:65,24,0,2
BRDA:67,25,0,0
BRDA:81,26,0,4
BRDA:81,27,0,2
BRF:28
BRH:25
end_of_record
TN:
SF:src\shared\validateBody.ts
FN:1,__name
FN:1,__export
FN:1,__copyProps
FN:1,get
FN:1,__toCommonJS
FN:1,validateBody
FN:4,validateBody
FNF:7
FNH:7
FNDA:1,__name
FNDA:1,__export
FNDA:1,__copyProps
FNDA:16,get
FNDA:1,__toCommonJS
FNDA:16,validateBody
FNDA:16,validateBody
DA:1,16
DA:2,1
DA:3,1
DA:4,1
DA:5,16
DA:6,6
DA:7,6
DA:8,0
DA:9,0
DA:10,0
DA:11,0
DA:12,6
DA:13,6
DA:14,6
DA:15,16
LF:15
LH:11
BRDA:4,0,0,0
BRDA:1,1,0,1
BRDA:1,2,0,1
BRDA:1,3,0,1
BRDA:1,4,0,0
BRDA:1,5,0,16
BRDA:1,6,0,1
BRDA:1,7,0,16
BRDA:4,8,0,16
BRDA:5,9,0,6
BRDA:7,10,0,0
BRF:11
BRH:8
end_of_record
TN:
SF:src\shared\validation.ts
FN:1,__name
FN:1,__export
FN:1,__copyProps
FN:1,get
FN:1,__toCommonJS
FN:1,validatePasswordStrength
FN:1,validatePasswordStrength
FNF:7
FNH:4
FNDA:1,__name
FNDA:1,__export
FNDA:1,__copyProps
FNDA:0,get
FNDA:1,__toCommonJS
FNDA:0,validatePasswordStrength
FNDA:0,validatePasswordStrength
DA:1,1
DA:2,0
DA:3,0
DA:4,0
DA:5,0
DA:6,0
DA:7,0
LF:7
LH:1
BRDA:1,0,0,0
BRDA:1,1,0,1
BRDA:1,2,0,1
BRDA:1,3,0,1
BRDA:1,4,0,0
BRDA:1,5,0,1
BRF:6
BRH:4
end_of_record
TN:
SF:src\shared\barcode\index.ts
FN:1,__name
FN:1,__export
FN:1,__copyProps
FN:1,get
FN:1,__toCommonJS
FN:1,INTERNAL_BARCODE_PREFIX
FN:1,eanCheckDigit
FN:1,generateInternalBarcode
FN:1,looksLikeEanUpc
FN:1,validateBarcode
FN:1,validateEAN13
FN:1,validateEAN8
FN:1,validateUPCA
FN:10,eanCheckDigit
FN:20,validateEAN13
FN:26,validateUPCA
FN:32,validateEAN8
FN:39,looksLikeEanUpc
FN:48,validateBarcode
FN:60,generateInternalBarcode
FNF:20
FNH:4
FNDA:8,__name
FNDA:1,__export
FNDA:1,__copyProps
FNDA:0,get
FNDA:1,__toCommonJS
FNDA:0,INTERNAL_BARCODE_PREFIX
FNDA:0,eanCheckDigit
FNDA:0,generateInternalBarcode
FNDA:0,looksLikeEanUpc
FNDA:0,validateBarcode
FNDA:0,validateEAN13
FNDA:0,validateEAN8
FNDA:0,validateUPCA
FNDA:0,eanCheckDigit
FNDA:0,validateEAN13
FNDA:0,validateUPCA
FNDA:0,validateEAN8
FNDA:0,looksLikeEanUpc
FNDA:0,validateBarcode
FNDA:0,generateInternalBarcode
DA:1,0
DA:2,1
DA:3,1
DA:4,1
DA:5,1
DA:6,1
DA:7,1
DA:8,1
DA:9,1
DA:10,1
DA:11,0
DA:12,0
DA:13,0
DA:14,0
DA:15,0
DA:16,0
DA:17,0
DA:18,0
DA:19,1
DA:20,1
DA:21,0
DA:22,0
DA:23,0
DA:24,0
DA:25,1
DA:26,1
DA:27,0
DA:28,0
DA:29,0
DA:30,0
DA:31,1
DA:32,1
DA:33,0
DA:34,0
DA:35,0
DA:36,0
DA:37,1
DA:38,1
DA:39,1
DA:40,0
DA:41,0
DA:42,1
DA:43,1
DA:44,1
DA:45,1
DA:46,1
DA:47,1
DA:48,1
DA:49,0
DA:50,0
DA:51,0
DA:52,0
DA:53,0
DA:54,0
DA:55,1
DA:56,1
DA:57,1
DA:58,1
DA:59,1
DA:60,1
DA:61,0
DA:62,0
DA:63,0
LF:63
LH:31
BRDA:60,0,0,0
BRDA:1,1,0,8
BRDA:1,2,0,1
BRDA:1,3,0,8
BRDA:1,4,0,1
BRDA:1,5,0,0
BRDA:1,6,0,8
BRDA:1,7,0,1
BRF:8
BRH:6
end_of_record
TN:
SF:src\shared\date\index.ts
FN:1,__name
FN:1,__export
FN:1,__copyProps
FN:1,get
FN:1,__toCommonJS
FN:1,addDays
FN:1,addDays
FNF:7
FNH:7
FNDA:1,__name
FNDA:1,__export
FNDA:1,__copyProps
FNDA:2,get
FNDA:1,__toCommonJS
FNDA:2,addDays
FNDA:2,addDays
DA:1,1
DA:2,2
DA:3,2
DA:4,2
DA:5,2
LF:5
LH:5
BRDA:1,0,0,0
BRDA:1,1,0,1
BRDA:1,2,0,1
BRDA:1,3,0,1
BRDA:1,4,0,0
BRDA:1,5,0,2
BRDA:1,6,0,1
BRDA:1,7,0,2
BRDA:1,8,0,2
BRF:9
BRH:7
end_of_record
TN:
SF:src\shared\documents\index.ts
FN:1,__name
FN:1,__export
FN:1,__copyProps
FN:1,get
FN:1,__toCommonJS
FN:1,formatCNPJ
FN:1,formatCPF
FN:1,formatDocument
FN:1,validateCNPJ
FN:1,validateCPF
FN:1,validateDocument
FN:8,validateCPF
FN:20,validateCNPJ
FN:34,validateDocument
FN:41,formatCPF
FN:46,formatCNPJ
FN:51,formatDocument
FNF:17
FNH:4
FNDA:7,__name
FNDA:1,__export
FNDA:1,__copyProps
FNDA:0,get
FNDA:1,__toCommonJS
FNDA:0,formatCNPJ
FNDA:0,formatCPF
FNDA:0,formatDocument
FNDA:0,validateCNPJ
FNDA:0,validateCPF
FNDA:0,validateDocument
FNDA:0,validateCPF
FNDA:0,validateCNPJ
FNDA:0,validateDocument
FNDA:0,formatCPF
FNDA:0,formatCNPJ
FNDA:0,formatDocument
DA:1,0
DA:2,1
DA:3,1
DA:4,1
DA:5,1
DA:6,1
DA:7,1
DA:8,1
DA:9,0
DA:10,0
DA:11,0
DA:12,0
DA:13,0
DA:14,0
DA:15,0
DA:16,0
DA:17,0
DA:18,0
DA:19,1
DA:20,1
DA:21,0
DA:22,0
DA:23,0
DA:24,0
DA:25,0
DA:26,0
DA:27,0
DA:28,0
DA:29,0
DA:30,0
DA:31,0
DA:32,1
DA:33,1
DA:34,1
DA:35,0
DA:36,0
DA:37,0
DA:38,0
DA:39,0
DA:40,1
DA:41,1
DA:42,0
DA:43,0
DA:44,0
DA:45,1
DA:46,1
DA:47,0
DA:48,0
DA:49,0
DA:50,1
DA:51,1
DA:52,0
DA:53,0
DA:54,0
LF:54
LH:18
BRDA:51,0,0,0
BRDA:1,1,0,7
BRDA:1,2,0,1
BRDA:1,3,0,6
BRDA:1,4,0,1
BRDA:1,5,0,0
BRDA:1,6,0,6
BRDA:1,7,0,1
BRF:8
BRH:6
end_of_record
TN:
SF:src\shared\money\index.ts
FN:1,__name
FN:1,__export
FN:1,__copyProps
FN:1,get
FN:1,__toCommonJS
FN:1,formatBRL
FN:1,fromCents
FN:1,sumCents
FN:1,toCents
FN:7,toCents
FN:25,fromCents
FN:30,formatBRL
FN:40,sumCents
FNF:13
FNH:7
FNDA:4,__name
FNDA:1,__export
FNDA:1,__copyProps
FNDA:16,get
FNDA:1,__toCommonJS
FNDA:0,formatBRL
FNDA:0,fromCents
FNDA:16,sumCents
FNDA:0,toCents
FNDA:0,toCents
FNDA:0,fromCents
FNDA:0,formatBRL
FNDA:16,sumCents
DA:1,0
DA:2,1
DA:3,1
DA:4,1
DA:5,1
DA:6,1
DA:7,1
DA:8,0
DA:9,0
DA:10,0
DA:11,0
DA:12,0
DA:13,0
DA:14,0
DA:15,0
DA:16,0
DA:17,0
DA:18,0
DA:19,0
DA:20,0
DA:21,0
DA:22,0
DA:23,1
DA:24,1
DA:25,1
DA:26,0
DA:27,0
DA:28,1
DA:29,1
DA:30,1
DA:31,0
DA:32,0
DA:33,0
DA:34,0
DA:35,0
DA:36,0
DA:37,0
DA:38,1
DA:39,1
DA:40,1
DA:41,16
DA:42,16
LF:42
LH:17
BRDA:40,0,0,0
BRDA:1,1,0,4
BRDA:1,2,0,1
BRDA:1,3,0,4
BRDA:1,4,0,1
BRDA:1,5,0,0
BRDA:1,6,0,4
BRDA:1,7,0,16
BRDA:1,8,0,1
BRDA:1,9,0,16
BRDA:40,10,0,16
BRDA:41,11,0,16
BRF:12
BRH:10
end_of_record
TN:
SF:src\tests\fase7b.ts
FN:6,__name
FN:16,check
FN:21,api
FN:28,loginAs
FN:35,main
FNF:5
FNH:5
FNDA:4,__name
FNDA:8,check
FNDA:15,api
FNDA:1,loginAs
FNDA:1,main
DA:1,1
DA:2,1
DA:3,1
DA:4,1
DA:5,1
DA:6,1
DA:7,1
DA:8,1
DA:9,1
DA:10,1
DA:11,1
DA:12,1
DA:13,1
DA:14,1
DA:15,1
DA:16,8
DA:17,8
DA:18,8
DA:19,8
DA:20,1
DA:21,15
DA:22,15
DA:23,15
DA:24,15
DA:25,15
DA:26,15
DA:27,1
DA:28,1
DA:29,1
DA:30,1
DA:31,1
DA:32,1
DA:33,1
DA:34,1
DA:35,1
DA:36,1
DA:37,1
DA:38,1
DA:39,1
DA:40,1
DA:41,1
DA:42,1
DA:43,1
DA:44,1
DA:45,1
DA:46,1
DA:47,1
DA:48,1
DA:49,1
DA:50,1
DA:51,1
DA:52,1
DA:53,1
DA:54,1
DA:55,1
DA:56,1
DA:57,1
DA:58,1
DA:59,1
DA:60,1
DA:61,1
DA:62,1
DA:63,1
DA:64,1
DA:65,1
DA:66,1
DA:67,1
DA:68,1
DA:69,1
DA:70,1
DA:71,1
DA:72,1
DA:73,1
DA:74,1
DA:75,1
DA:76,1
DA:77,1
DA:78,1
DA:79,1
DA:80,1
DA:81,1
DA:82,1
DA:83,1
DA:84,1
DA:85,1
DA:86,1
DA:87,1
DA:88,1
DA:89,1
DA:90,1
DA:91,1
DA:92,1
DA:93,1
DA:94,0
DA:95,0
DA:96,1
LF:96
LH:94
BRDA:6,0,0,4
BRDA:16,1,0,8
BRDA:17,2,0,0
BRDA:17,3,0,5
BRDA:17,4,0,3
BRDA:18,5,0,0
BRDA:21,6,0,15
BRDA:24,7,0,14
BRDA:24,8,0,1
BRDA:28,9,0,1
BRDA:30,10,0,0
BRDA:31,11,0,0
BRDA:32,12,0,0
BRDA:35,13,0,1
BRDA:89,14,0,0
BRDA:90,15,0,0
BRDA:75,16,0,5
BRF:17
BRH:10
end_of_record
TN:
SF:src\tests\testUtils.ts
FN:1,__name
FN:1,__export
FN:1,__copyProps
FN:1,get
FN:1,__toCommonJS
FN:1,unwrap
FN:5,unwrap
FNF:7
FNH:7
FNDA:1,__name
FNDA:1,__export
FNDA:1,__copyProps
FNDA:7,get
FNDA:1,__toCommonJS
FNDA:7,unwrap
FNDA:7,unwrap
DA:1,7
DA:2,1
DA:3,1
DA:4,1
DA:5,7
DA:6,7
DA:7,7
DA:8,7
DA:9,7
DA:10,7
DA:11,7
DA:12,7
DA:13,7
LF:13
LH:13
BRDA:5,0,0,0
BRDA:1,1,0,1
BRDA:1,2,0,1
BRDA:1,3,0,1
BRDA:1,4,0,0
BRDA:1,5,0,7
BRDA:1,6,0,1
BRDA:1,7,0,7
BRDA:5,8,0,7
BRDA:10,9,0,0
BRDA:12,10,0,0
BRF:11
BRH:7
end_of_record
